2016-12-29 02:39:46,687 P1616 [INFO] ************************************************************
2016-12-29 02:39:46,687 P1616 [INFO] ConfigSet _OnInstanceBoot
2016-12-29 02:39:46,692 P1616 [INFO] ++++++++++++++++++++++++++++++++++++++++++++++++++++++++++++
2016-12-29 02:39:46,692 P1616 [INFO] Config AWSEBBaseConfig
2016-12-29 02:39:46,695 P1616 [INFO] ============================================================
2016-12-29 02:39:46,695 P1616 [INFO] Command clearbackupfiles
2016-12-29 02:39:46,710 P1616 [INFO] Completed successfully.
2016-12-29 02:39:46,722 P1616 [INFO] ++++++++++++++++++++++++++++++++++++++++++++++++++++++++++++
2016-12-29 02:39:46,722 P1616 [INFO] Config AWSEBMessageOfTheDay
2016-12-29 02:39:46,723 P1616 [INFO] ============================================================
2016-12-29 02:39:46,724 P1616 [INFO] Command 01clearoriginal
2016-12-29 02:39:46,740 P1616 [INFO] Completed successfully.
2016-12-29 02:39:46,742 P1616 [INFO] ============================================================
2016-12-29 02:39:46,742 P1616 [INFO] Command 02createbanner
2016-12-29 02:39:46,758 P1616 [INFO] Completed successfully.
2016-12-29 02:39:46,759 P1616 [INFO] ============================================================
2016-12-29 02:39:46,759 P1616 [INFO] Command 03updatebanner
2016-12-29 02:39:46,857 P1616 [INFO] Completed successfully.
2016-12-29 02:39:46,978 P1616 [INFO] ++++++++++++++++++++++++++++++++++++++++++++++++++++++++++++
2016-12-29 02:39:46,979 P1616 [INFO] Config AWSEBULimitConfig
2016-12-29 02:39:46,980 P1616 [INFO] ============================================================
2016-12-29 02:39:46,980 P1616 [INFO] Command 00removebackup
2016-12-29 02:39:46,994 P1616 [INFO] Completed successfully.
2016-12-29 02:39:47,013 P1616 [INFO] ++++++++++++++++++++++++++++++++++++++++++++++++++++++++++++
2016-12-29 02:39:47,013 P1616 [INFO] Config Infra-InstallContainerHooksPkg
2016-12-29 02:39:47,013 P1616 [INFO] ============================================================
2016-12-29 02:39:47,013 P1616 [INFO] Command 00mkdir
2016-12-29 02:39:47,039 P1616 [INFO] Completed successfully.
2016-12-29 02:39:47,040 P1616 [INFO] ============================================================
2016-12-29 02:39:47,041 P1616 [INFO] Command 01download_container_hooks
2016-12-29 02:39:47,266 P1616 [INFO] Completed successfully.
2016-12-29 02:39:47,267 P1616 [INFO] ============================================================
2016-12-29 02:39:47,267 P1616 [INFO] Command 02install_container_hooks
2016-12-29 02:39:47,291 P1616 [INFO] Completed successfully.
2016-12-29 02:39:47,292 P1616 [INFO] ============================================================
2016-12-29 02:39:47,292 P1616 [INFO] Command 03cleanup
2016-12-29 02:39:47,306 P1616 [INFO] Completed successfully.
2016-12-29 02:39:47,317 P1616 [INFO] ++++++++++++++++++++++++++++++++++++++++++++++++++++++++++++
2016-12-29 02:39:47,317 P1616 [INFO] Config Infra-WriteLeaderTestScript
2016-12-29 02:39:47,326 P1616 [INFO] ++++++++++++++++++++++++++++++++++++++++++++++++++++++++++++
2016-12-29 02:39:47,326 P1616 [INFO] Config Infra-WriteTailLogsConf
2016-12-29 02:39:47,335 P1616 [INFO] ++++++++++++++++++++++++++++++++++++++++++++++++++++++++++++
2016-12-29 02:39:47,335 P1616 [INFO] Config Infra-WriteSystemTailLogsConf
2016-12-29 02:39:47,344 P1616 [INFO] ++++++++++++++++++++++++++++++++++++++++++++++++++++++++++++
2016-12-29 02:39:47,344 P1616 [INFO] Config Infra-WriteBundleLogsConf
2016-12-29 02:39:47,354 P1616 [INFO] ++++++++++++++++++++++++++++++++++++++++++++++++++++++++++++
2016-12-29 02:39:47,356 P1616 [INFO] Config Infra-WritePublishLogsConf
2016-12-29 02:39:47,367 P1616 [INFO] ++++++++++++++++++++++++++++++++++++++++++++++++++++++++++++
2016-12-29 02:39:47,367 P1616 [INFO] Config Infra-WritePublishLogsCron
2016-12-29 02:40:31,848 P1866 [INFO] ************************************************************
2016-12-29 02:40:31,848 P1866 [INFO] ConfigSet Infra-EmbeddedPreBuild
2016-12-29 02:40:31,849 P1866 [INFO] ++++++++++++++++++++++++++++++++++++++++++++++++++++++++++++
2016-12-29 02:40:31,850 P1866 [INFO] Config prebuild_0_My_First_Elastic_Beanstalk_Application
2016-12-29 02:40:45,417 P1929 [INFO] ************************************************************
2016-12-29 02:40:45,417 P1929 [INFO] ConfigSet Infra-EmbeddedPostBuild
