2016-12-29 02:39:46,591 [INFO] -----------------------Starting build-----------------------
2016-12-29 02:39:46,686 [INFO] Running configSets: _OnInstanceBoot
2016-12-29 02:39:46,687 [INFO] Running configSet _OnInstanceBoot
2016-12-29 02:39:46,691 [INFO] Running config AWSEBBaseConfig
2016-12-29 02:39:46,711 [INFO] Command clearbackupfiles succeeded
2016-12-29 02:39:46,722 [INFO] Running config AWSEBMessageOfTheDay
2016-12-29 02:39:46,741 [INFO] Command 01clearoriginal succeeded
2016-12-29 02:39:46,758 [INFO] Command 02createbanner succeeded
2016-12-29 02:39:46,858 [INFO] Command 03updatebanner succeeded
2016-12-29 02:39:46,978 [INFO] Running config AWSEBULimitConfig
2016-12-29 02:39:46,995 [INFO] Command 00removebackup succeeded
2016-12-29 02:39:47,012 [INFO] Running config Infra-InstallContainerHooksPkg
2016-12-29 02:39:47,040 [INFO] Command 00mkdir succeeded
2016-12-29 02:39:47,267 [INFO] Command 01download_container_hooks succeeded
2016-12-29 02:39:47,292 [INFO] Command 02install_container_hooks succeeded
2016-12-29 02:39:47,306 [INFO] Command 03cleanup succeeded
2016-12-29 02:39:47,317 [INFO] Running config Infra-WriteLeaderTestScript
2016-12-29 02:39:47,325 [INFO] Running config Infra-WriteTailLogsConf
2016-12-29 02:39:47,334 [INFO] Running config Infra-WriteSystemTailLogsConf
2016-12-29 02:39:47,344 [INFO] Running config Infra-WriteBundleLogsConf
2016-12-29 02:39:47,353 [INFO] Running config Infra-WritePublishLogsConf
2016-12-29 02:39:47,367 [INFO] Running config Infra-WritePublishLogsCron
2016-12-29 02:39:47,371 [INFO] ConfigSets completed
2016-12-29 02:39:47,376 [INFO] -----------------------Build complete-----------------------
2016-12-29 02:40:31,803 [INFO] -----------------------Starting build-----------------------
2016-12-29 02:40:31,846 [INFO] Running configSets: Infra-EmbeddedPreBuild
2016-12-29 02:40:31,848 [INFO] Running configSet Infra-EmbeddedPreBuild
2016-12-29 02:40:31,849 [INFO] Running config prebuild_0_My_First_Elastic_Beanstalk_Application
2016-12-29 02:40:31,853 [INFO] ConfigSets completed
2016-12-29 02:40:31,860 [INFO] -----------------------Build complete-----------------------
2016-12-29 02:40:45,377 [INFO] -----------------------Starting build-----------------------
2016-12-29 02:40:45,415 [INFO] Running configSets: Infra-EmbeddedPostBuild
2016-12-29 02:40:45,417 [INFO] Running configSet Infra-EmbeddedPostBuild
2016-12-29 02:40:45,417 [INFO] ConfigSets completed
2016-12-29 02:40:45,424 [INFO] -----------------------Build complete-----------------------
