2016-12-29 02:39:49,134 [DEBUG] CloudFormation client initialized with endpoint https://cloudformation.us-west-2.amazonaws.com
2016-12-29 02:39:49,136 [DEBUG] SQS client initialized with endpoint https://us-west-2.queue.amazonaws.com
2016-12-29 02:39:49,136 [DEBUG] CloudFormation client initialized with endpoint https://cloudformation.us-west-2.amazonaws.com
2016-12-29 02:39:49,136 [DEBUG] Enabled single threading mode.
2016-12-29 02:39:49,136 [DEBUG] Creating /var/lib/cfn-hup/data
2016-12-29 02:39:49,143 [DEBUG] Registering listener i-0c07a7328f96d6d79 for stack arn:aws:cloudformation:us-west-2:230974412218:stack/awseb-e-w6dxgi7ekq-stack/c155abe0-cd6f-11e6-94f7-503f20f2ade6
2016-12-29 02:39:49,758 [INFO] Refreshing listener credentials
2016-12-29 02:39:49,758 [DEBUG] Get listener credentials for listener i-0c07a7328f96d6d79 in stack arn:aws:cloudformation:us-west-2:230974412218:stack/awseb-e-w6dxgi7ekq-stack/c155abe0-cd6f-11e6-94f7-503f20f2ade6
2016-12-29 02:39:49,925 [INFO] Scheduling next credential refresh in 7200 seconds
2016-12-29 02:39:49,926 [DEBUG] Receiving messages for queue https://us-west-2.queue.amazonaws.com/520209054035/12872c18e88af9a2ec8fb5d7a6abe00611f7154eea04ab0881a5ee239a93caf5
2016-12-29 02:40:10,011 [DEBUG] Receiving messages for queue https://us-west-2.queue.amazonaws.com/520209054035/12872c18e88af9a2ec8fb5d7a6abe00611f7154eea04ab0881a5ee239a93caf5
2016-12-29 02:40:30,109 [DEBUG] Processing message: {'EventHandle': 'https://cfn-command-events-uswest2.s3-us-west-2.amazonaws.com/d38999101b348cb08e8cea84ee7ec635dc0806686d8442068ec9f30f88474baa?X-Amz-Algorithm=AWS4-HMAC-SHA256&X-Amz-Date=20161229T024029Z&X-Amz-SignedHeaders=host&X-Amz-Expires=3719&X-Amz-Credential=AKIAIVXX2DZBQL4ILTIQ%2F20161229%2Fus-west-2%2Fs3%2Faws4_request&X-Amz-Signature=8b6fc641d90892507c079499450a16aa2bf5eb28cd5ee9fdbd03453afe541cd1', 'DispatcherId': 'arn:aws:cloudformation:us-west-2:230974412218:dispatcher/awseb-e-w6dxgi7ekq-stack/fd7a7d0d-df32-4b04-8ea3-5449a06f9813', 'CommandName': 'ElasticBeanstalkCommand-AWSEBAutoScalingGroup', 'Expiration': 1482979349894, 'ResultQueue': 'https://sqs.us-west-2.amazonaws.com/520209054035/results', 'Data': 'https://elasticbeanstalk-us-west-2.s3-us-west-2.amazonaws.com/data/environments/9dfee4c9-d551-4064-8273-4cff5dc2a422/83bb16ec-ddbe-4dad-a690-233438074ec5?AWSAccessKeyId=AKIAJXQCYYTDBBGMTJ6Q&Expires=1482979529&Signature=utJQODfTbu0pbbgUw6XAvx5CJ5U%3D', 'InvocationId': 'e5aaa747-fb54-4025-8b7e-a65af8cb2be7'}
2016-12-29 02:40:30,109 [DEBUG] Command message: {'EventHandle': 'https://cfn-command-events-uswest2.s3-us-west-2.amazonaws.com/d38999101b348cb08e8cea84ee7ec635dc0806686d8442068ec9f30f88474baa?X-Amz-Algorithm=AWS4-HMAC-SHA256&X-Amz-Date=20161229T024029Z&X-Amz-SignedHeaders=host&X-Amz-Expires=3719&X-Amz-Credential=AKIAIVXX2DZBQL4ILTIQ%2F20161229%2Fus-west-2%2Fs3%2Faws4_request&X-Amz-Signature=8b6fc641d90892507c079499450a16aa2bf5eb28cd5ee9fdbd03453afe541cd1', 'DispatcherId': 'arn:aws:cloudformation:us-west-2:230974412218:dispatcher/awseb-e-w6dxgi7ekq-stack/fd7a7d0d-df32-4b04-8ea3-5449a06f9813', 'CommandName': 'ElasticBeanstalkCommand-AWSEBAutoScalingGroup', 'Expiration': 1482979349894, 'ResultQueue': 'https://sqs.us-west-2.amazonaws.com/520209054035/results', 'Data': 'https://elasticbeanstalk-us-west-2.s3-us-west-2.amazonaws.com/data/environments/9dfee4c9-d551-4064-8273-4cff5dc2a422/83bb16ec-ddbe-4dad-a690-233438074ec5?AWSAccessKeyId=AKIAJXQCYYTDBBGMTJ6Q&Expires=1482979529&Signature=utJQODfTbu0pbbgUw6XAvx5CJ5U%3D', 'InvocationId': 'e5aaa747-fb54-4025-8b7e-a65af8cb2be7'}
2016-12-29 02:40:30,109 [INFO] Received command ElasticBeanstalkCommand-AWSEBAutoScalingGroup (invocation id: e5aaa747-fb54-4025-8b7e-a65af8cb2be7)
2016-12-29 02:40:30,109 [INFO] Running action for aws-eb-command-handler
2016-12-29 02:40:30,110 [DEBUG] Action environment: {'LANG': 'en_US.UTF-8', 'TERM': 'linux', 'LISTENER_ID': u'i-0c07a7328f96d6d79', 'RESULT_SECRET_KEY': u'oka8izSY59/QW6veDe9O88sLOc61v/1qNvKclET8', 'SHLVL': '1', 'RESULT_ACCESS_KEY': u'ASIAJK7JMCVBV7XU3IOQ', 'STACK_NAME': 'arn:aws:cloudformation:us-west-2:230974412218:stack/awseb-e-w6dxgi7ekq-stack/c155abe0-cd6f-11e6-94f7-503f20f2ade6', 'RESULT_SESSION_TOKEN': u'AgoGb3JpZ2luEPb//////////wEaCXVzLXdlc3QtMiKAAktZP0WhsF0y86oVjaDmZ/9HRNysyWZWCusDj2KLophEFe1tzVWuUGGJ/2tQC4b3ZZLyhZo6PKFT2jvUj1aeRkMtJXtLJ4oTpnlbC47Akpp+IRyCWG341/72npKQkAAKikk9gBXkK4go1LHIDNVZwaeEosUZA3eod9xWL4u59zyWExBBV/4E7aKgbpfF4q6Fc/mABJVdp2LJibMQrZZg1eujqND/KLJpFIhS3Kc6SQKqiBbn60N7G66DnNS8DNpJzsXq+Glb4+dksOaPve9wKBESVMMlQ8/94RDl/dVfq+VfOD78OG98zY4KDa6hkvapHflE+PlynAwog35QEHkMesgqvAMIPBAAGgw1MjAyMDkwNTQwMzUiDFom0cPziIJXqvJ7HCqZA3+97Nx8CMR8yyuVRX7ZzpBOhhJiI+rRg/MeXh9vdp1ovlbl9OU1yM+QIVQs7vOlaCPgmUmkLfkxu5/mLlzfZuEOR5AJvOHehIkQ2Z9zaUiPkySDtca8Il+kPQh1eCmmduXsok0n1yYotzi3/GqVOzeqpXYhOA9vq1NzU/bT0DK1VJcWeZgzjQOX+CmYvdFySoMocQxdqBz5xDo71PhYlyp63x6KTrbspkQQtwxAgFIAbvWdQqUYkx7Xn8SlRnKsGuZSwihI8rilh7ocTFW6RF6xP+CtfX+56tlw/B5mQroim+oIN7ohwidBuDK0L0skIQZ+OLiID5cAAaSkyK2pwe4MbPP8CaNMixw7ZC3Qj3ayQUTUvfW8CuxgMCrNriJg+ZsGHdq51tGcibDdJ5faJTVOtvJcis7TJhjD3PB7/f6wWbDrbaY5wZqdwuaiESqO0BlUCAoNUwliR98FxgiWZ7Sk7l041X0WcP3TAtUIQb57lkIyUb2fa2znLBqJYYL+mgnYY9z4HmGcXAHWxA7+shk9xSA/xtEjNuIw9e6RwwU=', 'UPSTART_JOB': 'cfn-hup', 'CMD_DATA': 'https://elasticbeanstalk-us-west-2.s3-us-west-2.amazonaws.com/data/environments/9dfee4c9-d551-4064-8273-4cff5dc2a422/83bb16ec-ddbe-4dad-a690-233438074ec5?AWSAccessKeyId=AKIAJXQCYYTDBBGMTJ6Q&Expires=1482979529&Signature=utJQODfTbu0pbbgUw6XAvx5CJ5U%3D', 'UPSTART_INSTANCE': '', 'PWD': '/', 'PATH': '/usr/local/sbin:/usr/local/bin:/usr/bin:/usr/sbin:/sbin:/bin', 'CMD_NAME': 'ElasticBeanstalkCommand-AWSEBAutoScalingGroup', 'RESULT_QUEUE': 'https://sqs.us-west-2.amazonaws.com/520209054035/results', 'DISPATCHER_ID': 'arn:aws:cloudformation:us-west-2:230974412218:dispatcher/awseb-e-w6dxgi7ekq-stack/fd7a7d0d-df32-4b04-8ea3-5449a06f9813', 'EVENT_HANDLE': 'https://cfn-command-events-uswest2.s3-us-west-2.amazonaws.com/d38999101b348cb08e8cea84ee7ec635dc0806686d8442068ec9f30f88474baa?X-Amz-Algorithm=AWS4-HMAC-SHA256&X-Amz-Date=20161229T024029Z&X-Amz-SignedHeaders=host&X-Amz-Expires=3719&X-Amz-Credential=AKIAIVXX2DZBQL4ILTIQ%2F20161229%2Fus-west-2%2Fs3%2Faws4_request&X-Amz-Signature=8b6fc641d90892507c079499450a16aa2bf5eb28cd5ee9fdbd03453afe541cd1', '_': '/opt/aws/bin/cfn-hup', 'INVOCATION_ID': 'e5aaa747-fb54-4025-8b7e-a65af8cb2be7'}
2016-12-29 02:40:51,091 [DEBUG] Action for aws-eb-command-handler output: {"status":"SUCCESS","api_version":"1.0","results":[{"status":"SUCCESS","msg":"","returncode":0,"events":[]}]}
2016-12-29 02:40:51,092 [INFO] Action for aws-eb-command-handler succeeded, returning SUCCESS
2016-12-29 02:40:51,097 [DEBUG] Sending {"Status": "SUCCESS", "DispatcherId": "arn:aws:cloudformation:us-west-2:230974412218:dispatcher/awseb-e-w6dxgi7ekq-stack/fd7a7d0d-df32-4b04-8ea3-5449a06f9813", "ListenerId": "i-0c07a7328f96d6d79", "CommandName": "ElasticBeanstalkCommand-AWSEBAutoScalingGroup", "InvocationId": "e5aaa747-fb54-4025-8b7e-a65af8cb2be7", "Data": "{\"status\":\"SUCCESS\",\"api_version\":\"1.0\",\"results\":[{\"status\":\"SUCCESS\",\"msg\":\"\",\"returncode\":0,\"events\":[]}]}"} to queue https://us-west-2.queue.amazonaws.com/520209054035/results
2016-12-29 02:40:51,164 [DEBUG] Deleting AQEB5BxXw5cmJfBxMZztn2Fjua8pOGhrGp/RNix3VOZuFxFZ/l50C3fbC3LwrD8EUwnypru8zlCabBP1mgaLeE3KGn/wiqTsJqJR54JxmE1vV6+TS4hunDSdMqFZnX3FynMibIObvnJjaEFm/PkqiwOHpvyPOzrFQ96oqrMgGW7elxXac5C+nWK/e9Bbls1EEXFkYNEl38K3zEYEdDU0mwPDf0UuEcf5i+WjHURtkqwSSy90lautuY6Kg8jLCEiZ4y+E9uvl3tzb+6NF3AxJozTJLnr+MaTkE9t3MaMF1MSVpbFFcIE5M28lAcn674Nh/4ruH101AQ1uxnZGPlo8e6OVg2THQ1M6v7RI08h1irYscLkPbeiOM6jJqpIHSLhDLYY4dJ1fhteRAIp9enMnrPEoSSwRjUpLoNy4evdmfkGxrqp5GkZwq2roSLo30tmwmv73+oaxtioHundLDuhiAT+DzA== from queue https://us-west-2.queue.amazonaws.com/520209054035/12872c18e88af9a2ec8fb5d7a6abe00611f7154eea04ab0881a5ee239a93caf5
2016-12-29 02:40:51,228 [DEBUG] Receiving messages for queue https://us-west-2.queue.amazonaws.com/520209054035/12872c18e88af9a2ec8fb5d7a6abe00611f7154eea04ab0881a5ee239a93caf5
2016-12-29 02:41:11,278 [DEBUG] Receiving messages for queue https://us-west-2.queue.amazonaws.com/520209054035/12872c18e88af9a2ec8fb5d7a6abe00611f7154eea04ab0881a5ee239a93caf5
2016-12-29 02:41:31,380 [DEBUG] Receiving messages for queue https://us-west-2.queue.amazonaws.com/520209054035/12872c18e88af9a2ec8fb5d7a6abe00611f7154eea04ab0881a5ee239a93caf5
2016-12-29 02:41:51,437 [DEBUG] Receiving messages for queue https://us-west-2.queue.amazonaws.com/520209054035/12872c18e88af9a2ec8fb5d7a6abe00611f7154eea04ab0881a5ee239a93caf5
2016-12-29 02:42:11,499 [DEBUG] Receiving messages for queue https://us-west-2.queue.amazonaws.com/520209054035/12872c18e88af9a2ec8fb5d7a6abe00611f7154eea04ab0881a5ee239a93caf5
2016-12-29 02:42:31,561 [DEBUG] Receiving messages for queue https://us-west-2.queue.amazonaws.com/520209054035/12872c18e88af9a2ec8fb5d7a6abe00611f7154eea04ab0881a5ee239a93caf5
2016-12-29 02:42:51,667 [DEBUG] Receiving messages for queue https://us-west-2.queue.amazonaws.com/520209054035/12872c18e88af9a2ec8fb5d7a6abe00611f7154eea04ab0881a5ee239a93caf5
2016-12-29 02:43:11,742 [DEBUG] Receiving messages for queue https://us-west-2.queue.amazonaws.com/520209054035/12872c18e88af9a2ec8fb5d7a6abe00611f7154eea04ab0881a5ee239a93caf5
2016-12-29 02:43:31,843 [DEBUG] Receiving messages for queue https://us-west-2.queue.amazonaws.com/520209054035/12872c18e88af9a2ec8fb5d7a6abe00611f7154eea04ab0881a5ee239a93caf5
2016-12-29 02:43:51,893 [DEBUG] Receiving messages for queue https://us-west-2.queue.amazonaws.com/520209054035/12872c18e88af9a2ec8fb5d7a6abe00611f7154eea04ab0881a5ee239a93caf5
2016-12-29 02:44:11,947 [DEBUG] Receiving messages for queue https://us-west-2.queue.amazonaws.com/520209054035/12872c18e88af9a2ec8fb5d7a6abe00611f7154eea04ab0881a5ee239a93caf5
2016-12-29 02:44:31,997 [DEBUG] Receiving messages for queue https://us-west-2.queue.amazonaws.com/520209054035/12872c18e88af9a2ec8fb5d7a6abe00611f7154eea04ab0881a5ee239a93caf5
2016-12-29 02:44:52,099 [INFO] command processing is alive.
2016-12-29 02:44:52,099 [DEBUG] Receiving messages for queue https://us-west-2.queue.amazonaws.com/520209054035/12872c18e88af9a2ec8fb5d7a6abe00611f7154eea04ab0881a5ee239a93caf5
2016-12-29 02:45:12,185 [DEBUG] Receiving messages for queue https://us-west-2.queue.amazonaws.com/520209054035/12872c18e88af9a2ec8fb5d7a6abe00611f7154eea04ab0881a5ee239a93caf5
2016-12-29 02:45:32,241 [DEBUG] Receiving messages for queue https://us-west-2.queue.amazonaws.com/520209054035/12872c18e88af9a2ec8fb5d7a6abe00611f7154eea04ab0881a5ee239a93caf5
2016-12-29 02:45:52,340 [DEBUG] Receiving messages for queue https://us-west-2.queue.amazonaws.com/520209054035/12872c18e88af9a2ec8fb5d7a6abe00611f7154eea04ab0881a5ee239a93caf5
2016-12-29 02:46:12,393 [DEBUG] Receiving messages for queue https://us-west-2.queue.amazonaws.com/520209054035/12872c18e88af9a2ec8fb5d7a6abe00611f7154eea04ab0881a5ee239a93caf5
2016-12-29 02:46:32,495 [DEBUG] Receiving messages for queue https://us-west-2.queue.amazonaws.com/520209054035/12872c18e88af9a2ec8fb5d7a6abe00611f7154eea04ab0881a5ee239a93caf5
2016-12-29 02:46:52,548 [DEBUG] Receiving messages for queue https://us-west-2.queue.amazonaws.com/520209054035/12872c18e88af9a2ec8fb5d7a6abe00611f7154eea04ab0881a5ee239a93caf5
2016-12-29 02:47:12,621 [DEBUG] Receiving messages for queue https://us-west-2.queue.amazonaws.com/520209054035/12872c18e88af9a2ec8fb5d7a6abe00611f7154eea04ab0881a5ee239a93caf5
2016-12-29 02:47:32,671 [DEBUG] Receiving messages for queue https://us-west-2.queue.amazonaws.com/520209054035/12872c18e88af9a2ec8fb5d7a6abe00611f7154eea04ab0881a5ee239a93caf5
2016-12-29 02:47:52,721 [DEBUG] Receiving messages for queue https://us-west-2.queue.amazonaws.com/520209054035/12872c18e88af9a2ec8fb5d7a6abe00611f7154eea04ab0881a5ee239a93caf5
2016-12-29 02:48:12,777 [DEBUG] Receiving messages for queue https://us-west-2.queue.amazonaws.com/520209054035/12872c18e88af9a2ec8fb5d7a6abe00611f7154eea04ab0881a5ee239a93caf5
2016-12-29 02:48:32,831 [DEBUG] Receiving messages for queue https://us-west-2.queue.amazonaws.com/520209054035/12872c18e88af9a2ec8fb5d7a6abe00611f7154eea04ab0881a5ee239a93caf5
2016-12-29 02:48:52,880 [DEBUG] Receiving messages for queue https://us-west-2.queue.amazonaws.com/520209054035/12872c18e88af9a2ec8fb5d7a6abe00611f7154eea04ab0881a5ee239a93caf5
2016-12-29 02:49:12,931 [DEBUG] Receiving messages for queue https://us-west-2.queue.amazonaws.com/520209054035/12872c18e88af9a2ec8fb5d7a6abe00611f7154eea04ab0881a5ee239a93caf5
2016-12-29 02:49:33,031 [DEBUG] Receiving messages for queue https://us-west-2.queue.amazonaws.com/520209054035/12872c18e88af9a2ec8fb5d7a6abe00611f7154eea04ab0881a5ee239a93caf5
2016-12-29 02:49:53,080 [INFO] command processing is alive.
2016-12-29 02:49:53,081 [DEBUG] Receiving messages for queue https://us-west-2.queue.amazonaws.com/520209054035/12872c18e88af9a2ec8fb5d7a6abe00611f7154eea04ab0881a5ee239a93caf5
2016-12-29 02:50:13,180 [DEBUG] Receiving messages for queue https://us-west-2.queue.amazonaws.com/520209054035/12872c18e88af9a2ec8fb5d7a6abe00611f7154eea04ab0881a5ee239a93caf5
2016-12-29 02:50:33,314 [DEBUG] Receiving messages for queue https://us-west-2.queue.amazonaws.com/520209054035/12872c18e88af9a2ec8fb5d7a6abe00611f7154eea04ab0881a5ee239a93caf5
2016-12-29 02:50:53,379 [DEBUG] Receiving messages for queue https://us-west-2.queue.amazonaws.com/520209054035/12872c18e88af9a2ec8fb5d7a6abe00611f7154eea04ab0881a5ee239a93caf5
2016-12-29 02:51:13,432 [DEBUG] Receiving messages for queue https://us-west-2.queue.amazonaws.com/520209054035/12872c18e88af9a2ec8fb5d7a6abe00611f7154eea04ab0881a5ee239a93caf5
2016-12-29 02:51:33,505 [DEBUG] Receiving messages for queue https://us-west-2.queue.amazonaws.com/520209054035/12872c18e88af9a2ec8fb5d7a6abe00611f7154eea04ab0881a5ee239a93caf5
2016-12-29 02:51:53,604 [DEBUG] Receiving messages for queue https://us-west-2.queue.amazonaws.com/520209054035/12872c18e88af9a2ec8fb5d7a6abe00611f7154eea04ab0881a5ee239a93caf5
2016-12-29 02:52:13,654 [DEBUG] Receiving messages for queue https://us-west-2.queue.amazonaws.com/520209054035/12872c18e88af9a2ec8fb5d7a6abe00611f7154eea04ab0881a5ee239a93caf5
2016-12-29 02:52:33,703 [DEBUG] Receiving messages for queue https://us-west-2.queue.amazonaws.com/520209054035/12872c18e88af9a2ec8fb5d7a6abe00611f7154eea04ab0881a5ee239a93caf5
2016-12-29 02:52:53,753 [DEBUG] Receiving messages for queue https://us-west-2.queue.amazonaws.com/520209054035/12872c18e88af9a2ec8fb5d7a6abe00611f7154eea04ab0881a5ee239a93caf5
2016-12-29 02:53:13,826 [DEBUG] Receiving messages for queue https://us-west-2.queue.amazonaws.com/520209054035/12872c18e88af9a2ec8fb5d7a6abe00611f7154eea04ab0881a5ee239a93caf5
2016-12-29 02:53:33,875 [DEBUG] Receiving messages for queue https://us-west-2.queue.amazonaws.com/520209054035/12872c18e88af9a2ec8fb5d7a6abe00611f7154eea04ab0881a5ee239a93caf5
2016-12-29 02:53:53,925 [DEBUG] Receiving messages for queue https://us-west-2.queue.amazonaws.com/520209054035/12872c18e88af9a2ec8fb5d7a6abe00611f7154eea04ab0881a5ee239a93caf5
2016-12-29 02:54:13,979 [DEBUG] Receiving messages for queue https://us-west-2.queue.amazonaws.com/520209054035/12872c18e88af9a2ec8fb5d7a6abe00611f7154eea04ab0881a5ee239a93caf5
2016-12-29 02:54:34,031 [DEBUG] Receiving messages for queue https://us-west-2.queue.amazonaws.com/520209054035/12872c18e88af9a2ec8fb5d7a6abe00611f7154eea04ab0881a5ee239a93caf5
2016-12-29 02:54:54,089 [INFO] command processing is alive.
2016-12-29 02:54:54,089 [DEBUG] Receiving messages for queue https://us-west-2.queue.amazonaws.com/520209054035/12872c18e88af9a2ec8fb5d7a6abe00611f7154eea04ab0881a5ee239a93caf5
2016-12-29 02:55:14,139 [DEBUG] Receiving messages for queue https://us-west-2.queue.amazonaws.com/520209054035/12872c18e88af9a2ec8fb5d7a6abe00611f7154eea04ab0881a5ee239a93caf5
2016-12-29 02:55:34,191 [DEBUG] Receiving messages for queue https://us-west-2.queue.amazonaws.com/520209054035/12872c18e88af9a2ec8fb5d7a6abe00611f7154eea04ab0881a5ee239a93caf5
2016-12-29 02:55:54,239 [DEBUG] Receiving messages for queue https://us-west-2.queue.amazonaws.com/520209054035/12872c18e88af9a2ec8fb5d7a6abe00611f7154eea04ab0881a5ee239a93caf5
2016-12-29 02:56:14,291 [DEBUG] Receiving messages for queue https://us-west-2.queue.amazonaws.com/520209054035/12872c18e88af9a2ec8fb5d7a6abe00611f7154eea04ab0881a5ee239a93caf5
2016-12-29 02:56:34,343 [DEBUG] Receiving messages for queue https://us-west-2.queue.amazonaws.com/520209054035/12872c18e88af9a2ec8fb5d7a6abe00611f7154eea04ab0881a5ee239a93caf5
2016-12-29 02:56:54,391 [DEBUG] Receiving messages for queue https://us-west-2.queue.amazonaws.com/520209054035/12872c18e88af9a2ec8fb5d7a6abe00611f7154eea04ab0881a5ee239a93caf5
2016-12-29 02:57:14,447 [DEBUG] Receiving messages for queue https://us-west-2.queue.amazonaws.com/520209054035/12872c18e88af9a2ec8fb5d7a6abe00611f7154eea04ab0881a5ee239a93caf5
2016-12-29 02:57:34,545 [DEBUG] Receiving messages for queue https://us-west-2.queue.amazonaws.com/520209054035/12872c18e88af9a2ec8fb5d7a6abe00611f7154eea04ab0881a5ee239a93caf5
2016-12-29 02:57:54,595 [DEBUG] Receiving messages for queue https://us-west-2.queue.amazonaws.com/520209054035/12872c18e88af9a2ec8fb5d7a6abe00611f7154eea04ab0881a5ee239a93caf5
2016-12-29 02:58:14,647 [DEBUG] Receiving messages for queue https://us-west-2.queue.amazonaws.com/520209054035/12872c18e88af9a2ec8fb5d7a6abe00611f7154eea04ab0881a5ee239a93caf5
2016-12-29 02:58:34,743 [DEBUG] Receiving messages for queue https://us-west-2.queue.amazonaws.com/520209054035/12872c18e88af9a2ec8fb5d7a6abe00611f7154eea04ab0881a5ee239a93caf5
2016-12-29 02:58:54,792 [DEBUG] Receiving messages for queue https://us-west-2.queue.amazonaws.com/520209054035/12872c18e88af9a2ec8fb5d7a6abe00611f7154eea04ab0881a5ee239a93caf5
2016-12-29 02:59:14,871 [DEBUG] Receiving messages for queue https://us-west-2.queue.amazonaws.com/520209054035/12872c18e88af9a2ec8fb5d7a6abe00611f7154eea04ab0881a5ee239a93caf5
2016-12-29 02:59:34,968 [DEBUG] Receiving messages for queue https://us-west-2.queue.amazonaws.com/520209054035/12872c18e88af9a2ec8fb5d7a6abe00611f7154eea04ab0881a5ee239a93caf5
2016-12-29 02:59:55,070 [INFO] command processing is alive.
2016-12-29 02:59:55,070 [DEBUG] Receiving messages for queue https://us-west-2.queue.amazonaws.com/520209054035/12872c18e88af9a2ec8fb5d7a6abe00611f7154eea04ab0881a5ee239a93caf5
2016-12-29 03:00:15,149 [DEBUG] Receiving messages for queue https://us-west-2.queue.amazonaws.com/520209054035/12872c18e88af9a2ec8fb5d7a6abe00611f7154eea04ab0881a5ee239a93caf5
2016-12-29 03:00:35,204 [DEBUG] Receiving messages for queue https://us-west-2.queue.amazonaws.com/520209054035/12872c18e88af9a2ec8fb5d7a6abe00611f7154eea04ab0881a5ee239a93caf5
2016-12-29 03:00:55,265 [DEBUG] Receiving messages for queue https://us-west-2.queue.amazonaws.com/520209054035/12872c18e88af9a2ec8fb5d7a6abe00611f7154eea04ab0881a5ee239a93caf5
2016-12-29 03:01:15,315 [DEBUG] Receiving messages for queue https://us-west-2.queue.amazonaws.com/520209054035/12872c18e88af9a2ec8fb5d7a6abe00611f7154eea04ab0881a5ee239a93caf5
2016-12-29 03:01:35,413 [DEBUG] Receiving messages for queue https://us-west-2.queue.amazonaws.com/520209054035/12872c18e88af9a2ec8fb5d7a6abe00611f7154eea04ab0881a5ee239a93caf5
2016-12-29 03:01:55,464 [DEBUG] Receiving messages for queue https://us-west-2.queue.amazonaws.com/520209054035/12872c18e88af9a2ec8fb5d7a6abe00611f7154eea04ab0881a5ee239a93caf5
2016-12-29 03:02:15,516 [DEBUG] Receiving messages for queue https://us-west-2.queue.amazonaws.com/520209054035/12872c18e88af9a2ec8fb5d7a6abe00611f7154eea04ab0881a5ee239a93caf5
2016-12-29 03:02:35,587 [DEBUG] Receiving messages for queue https://us-west-2.queue.amazonaws.com/520209054035/12872c18e88af9a2ec8fb5d7a6abe00611f7154eea04ab0881a5ee239a93caf5
2016-12-29 03:02:55,688 [DEBUG] Receiving messages for queue https://us-west-2.queue.amazonaws.com/520209054035/12872c18e88af9a2ec8fb5d7a6abe00611f7154eea04ab0881a5ee239a93caf5
2016-12-29 03:03:15,739 [DEBUG] Receiving messages for queue https://us-west-2.queue.amazonaws.com/520209054035/12872c18e88af9a2ec8fb5d7a6abe00611f7154eea04ab0881a5ee239a93caf5
2016-12-29 03:03:35,788 [DEBUG] Receiving messages for queue https://us-west-2.queue.amazonaws.com/520209054035/12872c18e88af9a2ec8fb5d7a6abe00611f7154eea04ab0881a5ee239a93caf5
2016-12-29 03:03:55,836 [DEBUG] Receiving messages for queue https://us-west-2.queue.amazonaws.com/520209054035/12872c18e88af9a2ec8fb5d7a6abe00611f7154eea04ab0881a5ee239a93caf5
2016-12-29 03:04:15,885 [DEBUG] Receiving messages for queue https://us-west-2.queue.amazonaws.com/520209054035/12872c18e88af9a2ec8fb5d7a6abe00611f7154eea04ab0881a5ee239a93caf5
2016-12-29 03:04:35,938 [DEBUG] Receiving messages for queue https://us-west-2.queue.amazonaws.com/520209054035/12872c18e88af9a2ec8fb5d7a6abe00611f7154eea04ab0881a5ee239a93caf5
2016-12-29 03:04:55,987 [INFO] command processing is alive.
2016-12-29 03:04:55,988 [DEBUG] Receiving messages for queue https://us-west-2.queue.amazonaws.com/520209054035/12872c18e88af9a2ec8fb5d7a6abe00611f7154eea04ab0881a5ee239a93caf5
2016-12-29 03:05:16,037 [DEBUG] Receiving messages for queue https://us-west-2.queue.amazonaws.com/520209054035/12872c18e88af9a2ec8fb5d7a6abe00611f7154eea04ab0881a5ee239a93caf5
2016-12-29 03:05:36,100 [DEBUG] Receiving messages for queue https://us-west-2.queue.amazonaws.com/520209054035/12872c18e88af9a2ec8fb5d7a6abe00611f7154eea04ab0881a5ee239a93caf5
2016-12-29 03:05:56,198 [DEBUG] Receiving messages for queue https://us-west-2.queue.amazonaws.com/520209054035/12872c18e88af9a2ec8fb5d7a6abe00611f7154eea04ab0881a5ee239a93caf5
2016-12-29 03:06:16,251 [DEBUG] Receiving messages for queue https://us-west-2.queue.amazonaws.com/520209054035/12872c18e88af9a2ec8fb5d7a6abe00611f7154eea04ab0881a5ee239a93caf5
2016-12-29 03:06:36,307 [DEBUG] Receiving messages for queue https://us-west-2.queue.amazonaws.com/520209054035/12872c18e88af9a2ec8fb5d7a6abe00611f7154eea04ab0881a5ee239a93caf5
2016-12-29 03:06:56,363 [DEBUG] Receiving messages for queue https://us-west-2.queue.amazonaws.com/520209054035/12872c18e88af9a2ec8fb5d7a6abe00611f7154eea04ab0881a5ee239a93caf5
2016-12-29 03:07:16,468 [DEBUG] Receiving messages for queue https://us-west-2.queue.amazonaws.com/520209054035/12872c18e88af9a2ec8fb5d7a6abe00611f7154eea04ab0881a5ee239a93caf5
2016-12-29 03:07:36,568 [DEBUG] Receiving messages for queue https://us-west-2.queue.amazonaws.com/520209054035/12872c18e88af9a2ec8fb5d7a6abe00611f7154eea04ab0881a5ee239a93caf5
2016-12-29 03:07:56,617 [DEBUG] Receiving messages for queue https://us-west-2.queue.amazonaws.com/520209054035/12872c18e88af9a2ec8fb5d7a6abe00611f7154eea04ab0881a5ee239a93caf5
2016-12-29 03:08:16,717 [DEBUG] Receiving messages for queue https://us-west-2.queue.amazonaws.com/520209054035/12872c18e88af9a2ec8fb5d7a6abe00611f7154eea04ab0881a5ee239a93caf5
2016-12-29 03:08:36,774 [DEBUG] Receiving messages for queue https://us-west-2.queue.amazonaws.com/520209054035/12872c18e88af9a2ec8fb5d7a6abe00611f7154eea04ab0881a5ee239a93caf5
2016-12-29 03:08:56,823 [DEBUG] Receiving messages for queue https://us-west-2.queue.amazonaws.com/520209054035/12872c18e88af9a2ec8fb5d7a6abe00611f7154eea04ab0881a5ee239a93caf5
2016-12-29 03:09:16,923 [DEBUG] Receiving messages for queue https://us-west-2.queue.amazonaws.com/520209054035/12872c18e88af9a2ec8fb5d7a6abe00611f7154eea04ab0881a5ee239a93caf5
2016-12-29 03:09:36,974 [DEBUG] Receiving messages for queue https://us-west-2.queue.amazonaws.com/520209054035/12872c18e88af9a2ec8fb5d7a6abe00611f7154eea04ab0881a5ee239a93caf5
2016-12-29 03:09:57,023 [INFO] command processing is alive.
2016-12-29 03:09:57,024 [DEBUG] Receiving messages for queue https://us-west-2.queue.amazonaws.com/520209054035/12872c18e88af9a2ec8fb5d7a6abe00611f7154eea04ab0881a5ee239a93caf5
2016-12-29 03:10:17,077 [DEBUG] Receiving messages for queue https://us-west-2.queue.amazonaws.com/520209054035/12872c18e88af9a2ec8fb5d7a6abe00611f7154eea04ab0881a5ee239a93caf5
2016-12-29 03:10:37,126 [DEBUG] Receiving messages for queue https://us-west-2.queue.amazonaws.com/520209054035/12872c18e88af9a2ec8fb5d7a6abe00611f7154eea04ab0881a5ee239a93caf5
2016-12-29 03:10:57,227 [DEBUG] Receiving messages for queue https://us-west-2.queue.amazonaws.com/520209054035/12872c18e88af9a2ec8fb5d7a6abe00611f7154eea04ab0881a5ee239a93caf5
2016-12-29 03:11:17,279 [DEBUG] Receiving messages for queue https://us-west-2.queue.amazonaws.com/520209054035/12872c18e88af9a2ec8fb5d7a6abe00611f7154eea04ab0881a5ee239a93caf5
2016-12-29 03:11:37,330 [DEBUG] Receiving messages for queue https://us-west-2.queue.amazonaws.com/520209054035/12872c18e88af9a2ec8fb5d7a6abe00611f7154eea04ab0881a5ee239a93caf5
2016-12-29 03:11:57,425 [DEBUG] Receiving messages for queue https://us-west-2.queue.amazonaws.com/520209054035/12872c18e88af9a2ec8fb5d7a6abe00611f7154eea04ab0881a5ee239a93caf5
2016-12-29 03:12:17,478 [DEBUG] Receiving messages for queue https://us-west-2.queue.amazonaws.com/520209054035/12872c18e88af9a2ec8fb5d7a6abe00611f7154eea04ab0881a5ee239a93caf5
2016-12-29 03:12:37,536 [DEBUG] Receiving messages for queue https://us-west-2.queue.amazonaws.com/520209054035/12872c18e88af9a2ec8fb5d7a6abe00611f7154eea04ab0881a5ee239a93caf5
2016-12-29 03:12:57,595 [DEBUG] Receiving messages for queue https://us-west-2.queue.amazonaws.com/520209054035/12872c18e88af9a2ec8fb5d7a6abe00611f7154eea04ab0881a5ee239a93caf5
2016-12-29 03:13:17,649 [DEBUG] Receiving messages for queue https://us-west-2.queue.amazonaws.com/520209054035/12872c18e88af9a2ec8fb5d7a6abe00611f7154eea04ab0881a5ee239a93caf5
2016-12-29 03:13:37,751 [DEBUG] Receiving messages for queue https://us-west-2.queue.amazonaws.com/520209054035/12872c18e88af9a2ec8fb5d7a6abe00611f7154eea04ab0881a5ee239a93caf5
2016-12-29 03:13:57,812 [DEBUG] Receiving messages for queue https://us-west-2.queue.amazonaws.com/520209054035/12872c18e88af9a2ec8fb5d7a6abe00611f7154eea04ab0881a5ee239a93caf5
2016-12-29 03:14:17,910 [DEBUG] Receiving messages for queue https://us-west-2.queue.amazonaws.com/520209054035/12872c18e88af9a2ec8fb5d7a6abe00611f7154eea04ab0881a5ee239a93caf5
2016-12-29 03:14:37,958 [DEBUG] Receiving messages for queue https://us-west-2.queue.amazonaws.com/520209054035/12872c18e88af9a2ec8fb5d7a6abe00611f7154eea04ab0881a5ee239a93caf5
2016-12-29 03:14:58,008 [INFO] command processing is alive.
2016-12-29 03:14:58,009 [DEBUG] Receiving messages for queue https://us-west-2.queue.amazonaws.com/520209054035/12872c18e88af9a2ec8fb5d7a6abe00611f7154eea04ab0881a5ee239a93caf5
2016-12-29 03:15:18,077 [DEBUG] Receiving messages for queue https://us-west-2.queue.amazonaws.com/520209054035/12872c18e88af9a2ec8fb5d7a6abe00611f7154eea04ab0881a5ee239a93caf5
2016-12-29 03:15:38,126 [DEBUG] Receiving messages for queue https://us-west-2.queue.amazonaws.com/520209054035/12872c18e88af9a2ec8fb5d7a6abe00611f7154eea04ab0881a5ee239a93caf5
2016-12-29 03:15:58,176 [DEBUG] Receiving messages for queue https://us-west-2.queue.amazonaws.com/520209054035/12872c18e88af9a2ec8fb5d7a6abe00611f7154eea04ab0881a5ee239a93caf5
2016-12-29 03:16:18,227 [DEBUG] Receiving messages for queue https://us-west-2.queue.amazonaws.com/520209054035/12872c18e88af9a2ec8fb5d7a6abe00611f7154eea04ab0881a5ee239a93caf5
2016-12-29 03:16:38,325 [DEBUG] Receiving messages for queue https://us-west-2.queue.amazonaws.com/520209054035/12872c18e88af9a2ec8fb5d7a6abe00611f7154eea04ab0881a5ee239a93caf5
2016-12-29 03:16:58,377 [DEBUG] Receiving messages for queue https://us-west-2.queue.amazonaws.com/520209054035/12872c18e88af9a2ec8fb5d7a6abe00611f7154eea04ab0881a5ee239a93caf5
2016-12-29 03:17:18,428 [DEBUG] Receiving messages for queue https://us-west-2.queue.amazonaws.com/520209054035/12872c18e88af9a2ec8fb5d7a6abe00611f7154eea04ab0881a5ee239a93caf5
2016-12-29 03:17:38,529 [DEBUG] Receiving messages for queue https://us-west-2.queue.amazonaws.com/520209054035/12872c18e88af9a2ec8fb5d7a6abe00611f7154eea04ab0881a5ee239a93caf5
2016-12-29 03:17:58,578 [DEBUG] Receiving messages for queue https://us-west-2.queue.amazonaws.com/520209054035/12872c18e88af9a2ec8fb5d7a6abe00611f7154eea04ab0881a5ee239a93caf5
2016-12-29 03:18:18,631 [DEBUG] Receiving messages for queue https://us-west-2.queue.amazonaws.com/520209054035/12872c18e88af9a2ec8fb5d7a6abe00611f7154eea04ab0881a5ee239a93caf5
2016-12-29 03:18:38,689 [DEBUG] Receiving messages for queue https://us-west-2.queue.amazonaws.com/520209054035/12872c18e88af9a2ec8fb5d7a6abe00611f7154eea04ab0881a5ee239a93caf5
2016-12-29 03:18:58,743 [DEBUG] Receiving messages for queue https://us-west-2.queue.amazonaws.com/520209054035/12872c18e88af9a2ec8fb5d7a6abe00611f7154eea04ab0881a5ee239a93caf5
2016-12-29 03:19:18,804 [DEBUG] Receiving messages for queue https://us-west-2.queue.amazonaws.com/520209054035/12872c18e88af9a2ec8fb5d7a6abe00611f7154eea04ab0881a5ee239a93caf5
2016-12-29 03:19:38,906 [DEBUG] Receiving messages for queue https://us-west-2.queue.amazonaws.com/520209054035/12872c18e88af9a2ec8fb5d7a6abe00611f7154eea04ab0881a5ee239a93caf5
2016-12-29 03:19:58,959 [INFO] command processing is alive.
2016-12-29 03:19:58,959 [DEBUG] Receiving messages for queue https://us-west-2.queue.amazonaws.com/520209054035/12872c18e88af9a2ec8fb5d7a6abe00611f7154eea04ab0881a5ee239a93caf5
2016-12-29 03:20:19,011 [DEBUG] Receiving messages for queue https://us-west-2.queue.amazonaws.com/520209054035/12872c18e88af9a2ec8fb5d7a6abe00611f7154eea04ab0881a5ee239a93caf5
2016-12-29 03:20:39,062 [DEBUG] Receiving messages for queue https://us-west-2.queue.amazonaws.com/520209054035/12872c18e88af9a2ec8fb5d7a6abe00611f7154eea04ab0881a5ee239a93caf5
2016-12-29 03:20:59,163 [DEBUG] Receiving messages for queue https://us-west-2.queue.amazonaws.com/520209054035/12872c18e88af9a2ec8fb5d7a6abe00611f7154eea04ab0881a5ee239a93caf5
2016-12-29 03:21:19,262 [DEBUG] Receiving messages for queue https://us-west-2.queue.amazonaws.com/520209054035/12872c18e88af9a2ec8fb5d7a6abe00611f7154eea04ab0881a5ee239a93caf5
2016-12-29 03:21:39,362 [DEBUG] Receiving messages for queue https://us-west-2.queue.amazonaws.com/520209054035/12872c18e88af9a2ec8fb5d7a6abe00611f7154eea04ab0881a5ee239a93caf5
2016-12-29 03:21:59,412 [DEBUG] Receiving messages for queue https://us-west-2.queue.amazonaws.com/520209054035/12872c18e88af9a2ec8fb5d7a6abe00611f7154eea04ab0881a5ee239a93caf5
2016-12-29 03:22:19,466 [DEBUG] Receiving messages for queue https://us-west-2.queue.amazonaws.com/520209054035/12872c18e88af9a2ec8fb5d7a6abe00611f7154eea04ab0881a5ee239a93caf5
2016-12-29 03:22:39,565 [DEBUG] Receiving messages for queue https://us-west-2.queue.amazonaws.com/520209054035/12872c18e88af9a2ec8fb5d7a6abe00611f7154eea04ab0881a5ee239a93caf5
2016-12-29 03:22:59,635 [DEBUG] Receiving messages for queue https://us-west-2.queue.amazonaws.com/520209054035/12872c18e88af9a2ec8fb5d7a6abe00611f7154eea04ab0881a5ee239a93caf5
2016-12-29 03:23:19,688 [DEBUG] Receiving messages for queue https://us-west-2.queue.amazonaws.com/520209054035/12872c18e88af9a2ec8fb5d7a6abe00611f7154eea04ab0881a5ee239a93caf5
2016-12-29 03:23:39,789 [DEBUG] Receiving messages for queue https://us-west-2.queue.amazonaws.com/520209054035/12872c18e88af9a2ec8fb5d7a6abe00611f7154eea04ab0881a5ee239a93caf5
2016-12-29 03:23:59,839 [DEBUG] Receiving messages for queue https://us-west-2.queue.amazonaws.com/520209054035/12872c18e88af9a2ec8fb5d7a6abe00611f7154eea04ab0881a5ee239a93caf5
2016-12-29 03:24:19,941 [DEBUG] Receiving messages for queue https://us-west-2.queue.amazonaws.com/520209054035/12872c18e88af9a2ec8fb5d7a6abe00611f7154eea04ab0881a5ee239a93caf5
2016-12-29 03:24:40,042 [DEBUG] Receiving messages for queue https://us-west-2.queue.amazonaws.com/520209054035/12872c18e88af9a2ec8fb5d7a6abe00611f7154eea04ab0881a5ee239a93caf5
2016-12-29 03:25:00,102 [INFO] command processing is alive.
2016-12-29 03:25:00,103 [DEBUG] Receiving messages for queue https://us-west-2.queue.amazonaws.com/520209054035/12872c18e88af9a2ec8fb5d7a6abe00611f7154eea04ab0881a5ee239a93caf5
2016-12-29 03:25:20,166 [DEBUG] Receiving messages for queue https://us-west-2.queue.amazonaws.com/520209054035/12872c18e88af9a2ec8fb5d7a6abe00611f7154eea04ab0881a5ee239a93caf5
2016-12-29 03:25:40,264 [DEBUG] Receiving messages for queue https://us-west-2.queue.amazonaws.com/520209054035/12872c18e88af9a2ec8fb5d7a6abe00611f7154eea04ab0881a5ee239a93caf5
2016-12-29 03:26:00,341 [DEBUG] Receiving messages for queue https://us-west-2.queue.amazonaws.com/520209054035/12872c18e88af9a2ec8fb5d7a6abe00611f7154eea04ab0881a5ee239a93caf5
2016-12-29 03:26:20,388 [DEBUG] Receiving messages for queue https://us-west-2.queue.amazonaws.com/520209054035/12872c18e88af9a2ec8fb5d7a6abe00611f7154eea04ab0881a5ee239a93caf5
2016-12-29 03:26:40,438 [DEBUG] Receiving messages for queue https://us-west-2.queue.amazonaws.com/520209054035/12872c18e88af9a2ec8fb5d7a6abe00611f7154eea04ab0881a5ee239a93caf5
2016-12-29 03:27:00,562 [DEBUG] Receiving messages for queue https://us-west-2.queue.amazonaws.com/520209054035/12872c18e88af9a2ec8fb5d7a6abe00611f7154eea04ab0881a5ee239a93caf5
2016-12-29 03:27:20,613 [DEBUG] Receiving messages for queue https://us-west-2.queue.amazonaws.com/520209054035/12872c18e88af9a2ec8fb5d7a6abe00611f7154eea04ab0881a5ee239a93caf5
2016-12-29 03:27:40,716 [DEBUG] Receiving messages for queue https://us-west-2.queue.amazonaws.com/520209054035/12872c18e88af9a2ec8fb5d7a6abe00611f7154eea04ab0881a5ee239a93caf5
2016-12-29 03:28:00,767 [DEBUG] Receiving messages for queue https://us-west-2.queue.amazonaws.com/520209054035/12872c18e88af9a2ec8fb5d7a6abe00611f7154eea04ab0881a5ee239a93caf5
2016-12-29 03:28:20,814 [DEBUG] Receiving messages for queue https://us-west-2.queue.amazonaws.com/520209054035/12872c18e88af9a2ec8fb5d7a6abe00611f7154eea04ab0881a5ee239a93caf5
2016-12-29 03:28:40,887 [DEBUG] Receiving messages for queue https://us-west-2.queue.amazonaws.com/520209054035/12872c18e88af9a2ec8fb5d7a6abe00611f7154eea04ab0881a5ee239a93caf5
2016-12-29 03:29:00,939 [DEBUG] Receiving messages for queue https://us-west-2.queue.amazonaws.com/520209054035/12872c18e88af9a2ec8fb5d7a6abe00611f7154eea04ab0881a5ee239a93caf5
2016-12-29 03:29:20,990 [DEBUG] Receiving messages for queue https://us-west-2.queue.amazonaws.com/520209054035/12872c18e88af9a2ec8fb5d7a6abe00611f7154eea04ab0881a5ee239a93caf5
2016-12-29 03:29:41,040 [DEBUG] Receiving messages for queue https://us-west-2.queue.amazonaws.com/520209054035/12872c18e88af9a2ec8fb5d7a6abe00611f7154eea04ab0881a5ee239a93caf5
2016-12-29 03:30:01,088 [INFO] command processing is alive.
2016-12-29 03:30:01,089 [DEBUG] Receiving messages for queue https://us-west-2.queue.amazonaws.com/520209054035/12872c18e88af9a2ec8fb5d7a6abe00611f7154eea04ab0881a5ee239a93caf5
2016-12-29 03:30:21,223 [DEBUG] Receiving messages for queue https://us-west-2.queue.amazonaws.com/520209054035/12872c18e88af9a2ec8fb5d7a6abe00611f7154eea04ab0881a5ee239a93caf5
2016-12-29 03:30:41,279 [DEBUG] Receiving messages for queue https://us-west-2.queue.amazonaws.com/520209054035/12872c18e88af9a2ec8fb5d7a6abe00611f7154eea04ab0881a5ee239a93caf5
2016-12-29 03:31:01,383 [DEBUG] Receiving messages for queue https://us-west-2.queue.amazonaws.com/520209054035/12872c18e88af9a2ec8fb5d7a6abe00611f7154eea04ab0881a5ee239a93caf5
2016-12-29 03:31:21,488 [DEBUG] Receiving messages for queue https://us-west-2.queue.amazonaws.com/520209054035/12872c18e88af9a2ec8fb5d7a6abe00611f7154eea04ab0881a5ee239a93caf5
2016-12-29 03:31:41,542 [DEBUG] Receiving messages for queue https://us-west-2.queue.amazonaws.com/520209054035/12872c18e88af9a2ec8fb5d7a6abe00611f7154eea04ab0881a5ee239a93caf5
2016-12-29 03:32:01,642 [DEBUG] Receiving messages for queue https://us-west-2.queue.amazonaws.com/520209054035/12872c18e88af9a2ec8fb5d7a6abe00611f7154eea04ab0881a5ee239a93caf5
2016-12-29 03:32:21,749 [DEBUG] Receiving messages for queue https://us-west-2.queue.amazonaws.com/520209054035/12872c18e88af9a2ec8fb5d7a6abe00611f7154eea04ab0881a5ee239a93caf5
2016-12-29 03:32:41,800 [DEBUG] Receiving messages for queue https://us-west-2.queue.amazonaws.com/520209054035/12872c18e88af9a2ec8fb5d7a6abe00611f7154eea04ab0881a5ee239a93caf5
2016-12-29 03:33:01,901 [DEBUG] Receiving messages for queue https://us-west-2.queue.amazonaws.com/520209054035/12872c18e88af9a2ec8fb5d7a6abe00611f7154eea04ab0881a5ee239a93caf5
2016-12-29 03:33:21,953 [DEBUG] Receiving messages for queue https://us-west-2.queue.amazonaws.com/520209054035/12872c18e88af9a2ec8fb5d7a6abe00611f7154eea04ab0881a5ee239a93caf5
2016-12-29 03:33:42,004 [DEBUG] Receiving messages for queue https://us-west-2.queue.amazonaws.com/520209054035/12872c18e88af9a2ec8fb5d7a6abe00611f7154eea04ab0881a5ee239a93caf5
2016-12-29 03:34:02,104 [DEBUG] Receiving messages for queue https://us-west-2.queue.amazonaws.com/520209054035/12872c18e88af9a2ec8fb5d7a6abe00611f7154eea04ab0881a5ee239a93caf5
2016-12-29 03:34:22,154 [DEBUG] Receiving messages for queue https://us-west-2.queue.amazonaws.com/520209054035/12872c18e88af9a2ec8fb5d7a6abe00611f7154eea04ab0881a5ee239a93caf5
2016-12-29 03:34:42,203 [DEBUG] Receiving messages for queue https://us-west-2.queue.amazonaws.com/520209054035/12872c18e88af9a2ec8fb5d7a6abe00611f7154eea04ab0881a5ee239a93caf5
2016-12-29 03:35:02,257 [INFO] command processing is alive.
2016-12-29 03:35:02,257 [DEBUG] Receiving messages for queue https://us-west-2.queue.amazonaws.com/520209054035/12872c18e88af9a2ec8fb5d7a6abe00611f7154eea04ab0881a5ee239a93caf5
2016-12-29 03:35:10,435 [DEBUG] Processing message: {'EventHandle': 'https://cfn-command-events-uswest2.s3-us-west-2.amazonaws.com/5cd93bb764557e28ed8770e1dfc8dfcf9c1d1218d78d327a845e7c76940e8ff0?X-Amz-Algorithm=AWS4-HMAC-SHA256&X-Amz-Date=20161229T033510Z&X-Amz-SignedHeaders=host&X-Amz-Expires=3719&X-Amz-Credential=AKIAIVXX2DZBQL4ILTIQ%2F20161229%2Fus-west-2%2Fs3%2Faws4_request&X-Amz-Signature=0031df28a67faebf21ab9930ec5cd5b3208ba6f49aa893a3a0405b4dd73ace4a', 'DispatcherId': 'arn:aws:cloudformation:us-west-2:230974412218:dispatcher/awseb-e-w6dxgi7ekq-stack/fd7a7d0d-df32-4b04-8ea3-5449a06f9813', 'CommandName': 'ElasticBeanstalkCommand-AWSEBAutoScalingGroup', 'Expiration': 1482982630125, 'ResultQueue': 'https://sqs.us-west-2.amazonaws.com/520209054035/results', 'Data': 'https://elasticbeanstalk-us-west-2.s3-us-west-2.amazonaws.com/data/environments/9dfee4c9-d551-4064-8273-4cff5dc2a422/0daa9cb4-aaf9-413f-81b8-1d573e0633c2?AWSAccessKeyId=AKIAJXQCYYTDBBGMTJ6Q&Expires=1482982810&Signature=a60PsitJzuC%2BW2dAmLHjk7Wnvwk%3D', 'InvocationId': '96d3877f-51c1-426c-859f-e80cc9cf0123'}
2016-12-29 03:35:10,435 [DEBUG] Command message: {'EventHandle': 'https://cfn-command-events-uswest2.s3-us-west-2.amazonaws.com/5cd93bb764557e28ed8770e1dfc8dfcf9c1d1218d78d327a845e7c76940e8ff0?X-Amz-Algorithm=AWS4-HMAC-SHA256&X-Amz-Date=20161229T033510Z&X-Amz-SignedHeaders=host&X-Amz-Expires=3719&X-Amz-Credential=AKIAIVXX2DZBQL4ILTIQ%2F20161229%2Fus-west-2%2Fs3%2Faws4_request&X-Amz-Signature=0031df28a67faebf21ab9930ec5cd5b3208ba6f49aa893a3a0405b4dd73ace4a', 'DispatcherId': 'arn:aws:cloudformation:us-west-2:230974412218:dispatcher/awseb-e-w6dxgi7ekq-stack/fd7a7d0d-df32-4b04-8ea3-5449a06f9813', 'CommandName': 'ElasticBeanstalkCommand-AWSEBAutoScalingGroup', 'Expiration': 1482982630125, 'ResultQueue': 'https://sqs.us-west-2.amazonaws.com/520209054035/results', 'Data': 'https://elasticbeanstalk-us-west-2.s3-us-west-2.amazonaws.com/data/environments/9dfee4c9-d551-4064-8273-4cff5dc2a422/0daa9cb4-aaf9-413f-81b8-1d573e0633c2?AWSAccessKeyId=AKIAJXQCYYTDBBGMTJ6Q&Expires=1482982810&Signature=a60PsitJzuC%2BW2dAmLHjk7Wnvwk%3D', 'InvocationId': '96d3877f-51c1-426c-859f-e80cc9cf0123'}
2016-12-29 03:35:10,436 [INFO] Received command ElasticBeanstalkCommand-AWSEBAutoScalingGroup (invocation id: 96d3877f-51c1-426c-859f-e80cc9cf0123)
2016-12-29 03:35:10,436 [INFO] Running action for aws-eb-command-handler
2016-12-29 03:35:10,436 [DEBUG] Action environment: {'LANG': 'en_US.UTF-8', 'TERM': 'linux', 'LISTENER_ID': u'i-0c07a7328f96d6d79', 'RESULT_SECRET_KEY': u'oka8izSY59/QW6veDe9O88sLOc61v/1qNvKclET8', 'SHLVL': '1', 'RESULT_ACCESS_KEY': u'ASIAJK7JMCVBV7XU3IOQ', 'STACK_NAME': 'arn:aws:cloudformation:us-west-2:230974412218:stack/awseb-e-w6dxgi7ekq-stack/c155abe0-cd6f-11e6-94f7-503f20f2ade6', 'RESULT_SESSION_TOKEN': u'AgoGb3JpZ2luEPb//////////wEaCXVzLXdlc3QtMiKAAktZP0WhsF0y86oVjaDmZ/9HRNysyWZWCusDj2KLophEFe1tzVWuUGGJ/2tQC4b3ZZLyhZo6PKFT2jvUj1aeRkMtJXtLJ4oTpnlbC47Akpp+IRyCWG341/72npKQkAAKikk9gBXkK4go1LHIDNVZwaeEosUZA3eod9xWL4u59zyWExBBV/4E7aKgbpfF4q6Fc/mABJVdp2LJibMQrZZg1eujqND/KLJpFIhS3Kc6SQKqiBbn60N7G66DnNS8DNpJzsXq+Glb4+dksOaPve9wKBESVMMlQ8/94RDl/dVfq+VfOD78OG98zY4KDa6hkvapHflE+PlynAwog35QEHkMesgqvAMIPBAAGgw1MjAyMDkwNTQwMzUiDFom0cPziIJXqvJ7HCqZA3+97Nx8CMR8yyuVRX7ZzpBOhhJiI+rRg/MeXh9vdp1ovlbl9OU1yM+QIVQs7vOlaCPgmUmkLfkxu5/mLlzfZuEOR5AJvOHehIkQ2Z9zaUiPkySDtca8Il+kPQh1eCmmduXsok0n1yYotzi3/GqVOzeqpXYhOA9vq1NzU/bT0DK1VJcWeZgzjQOX+CmYvdFySoMocQxdqBz5xDo71PhYlyp63x6KTrbspkQQtwxAgFIAbvWdQqUYkx7Xn8SlRnKsGuZSwihI8rilh7ocTFW6RF6xP+CtfX+56tlw/B5mQroim+oIN7ohwidBuDK0L0skIQZ+OLiID5cAAaSkyK2pwe4MbPP8CaNMixw7ZC3Qj3ayQUTUvfW8CuxgMCrNriJg+ZsGHdq51tGcibDdJ5faJTVOtvJcis7TJhjD3PB7/f6wWbDrbaY5wZqdwuaiESqO0BlUCAoNUwliR98FxgiWZ7Sk7l041X0WcP3TAtUIQb57lkIyUb2fa2znLBqJYYL+mgnYY9z4HmGcXAHWxA7+shk9xSA/xtEjNuIw9e6RwwU=', 'UPSTART_JOB': 'cfn-hup', 'CMD_DATA': 'https://elasticbeanstalk-us-west-2.s3-us-west-2.amazonaws.com/data/environments/9dfee4c9-d551-4064-8273-4cff5dc2a422/0daa9cb4-aaf9-413f-81b8-1d573e0633c2?AWSAccessKeyId=AKIAJXQCYYTDBBGMTJ6Q&Expires=1482982810&Signature=a60PsitJzuC%2BW2dAmLHjk7Wnvwk%3D', 'UPSTART_INSTANCE': '', 'PWD': '/', 'PATH': '/usr/local/sbin:/usr/local/bin:/usr/bin:/usr/sbin:/sbin:/bin', 'CMD_NAME': 'ElasticBeanstalkCommand-AWSEBAutoScalingGroup', 'RESULT_QUEUE': 'https://sqs.us-west-2.amazonaws.com/520209054035/results', 'DISPATCHER_ID': 'arn:aws:cloudformation:us-west-2:230974412218:dispatcher/awseb-e-w6dxgi7ekq-stack/fd7a7d0d-df32-4b04-8ea3-5449a06f9813', 'EVENT_HANDLE': 'https://cfn-command-events-uswest2.s3-us-west-2.amazonaws.com/5cd93bb764557e28ed8770e1dfc8dfcf9c1d1218d78d327a845e7c76940e8ff0?X-Amz-Algorithm=AWS4-HMAC-SHA256&X-Amz-Date=20161229T033510Z&X-Amz-SignedHeaders=host&X-Amz-Expires=3719&X-Amz-Credential=AKIAIVXX2DZBQL4ILTIQ%2F20161229%2Fus-west-2%2Fs3%2Faws4_request&X-Amz-Signature=0031df28a67faebf21ab9930ec5cd5b3208ba6f49aa893a3a0405b4dd73ace4a', '_': '/opt/aws/bin/cfn-hup', 'INVOCATION_ID': '96d3877f-51c1-426c-859f-e80cc9cf0123'}
2016-12-29 03:35:18,778 [DEBUG] Action for aws-eb-command-handler output: {"status":"SUCCESS","api_version":"1.0","results":[{"status":"SUCCESS","msg":"","returncode":0,"events":[]}]}
2016-12-29 03:35:18,778 [INFO] Action for aws-eb-command-handler succeeded, returning SUCCESS
2016-12-29 03:35:18,780 [DEBUG] Sending {"Status": "SUCCESS", "DispatcherId": "arn:aws:cloudformation:us-west-2:230974412218:dispatcher/awseb-e-w6dxgi7ekq-stack/fd7a7d0d-df32-4b04-8ea3-5449a06f9813", "ListenerId": "i-0c07a7328f96d6d79", "CommandName": "ElasticBeanstalkCommand-AWSEBAutoScalingGroup", "InvocationId": "96d3877f-51c1-426c-859f-e80cc9cf0123", "Data": "{\"status\":\"SUCCESS\",\"api_version\":\"1.0\",\"results\":[{\"status\":\"SUCCESS\",\"msg\":\"\",\"returncode\":0,\"events\":[]}]}"} to queue https://us-west-2.queue.amazonaws.com/520209054035/results
2016-12-29 03:35:18,844 [DEBUG] Deleting AQEBEguN+raFEJXuY6A8OBLjvVIqji/oM0/xCY30AZlOUhfmR1mMdpOWgW0Oy0QOVQOYvQG8hpZoU+uBshduNbTqx6zXNYrd/ZhQBAC2Hsz9Tyu1pR9cPi6JKlCPCkhESQklhtxXesXJyb6XA11LQ/LUYzbu0U4stjB+KEPnTFezaFTXOcjP69eHdY5Iycws96mKlUmMKkiNZtwvhXKbgm+8Kwvt0/P1XtbCUt5nIJNqJZCdI2H/3NJ7um7FEVSQhk/16v9j0uSkGPBjK9SaPjSoDt5l5fTY8gCqZnn9iiIys6HIAJrONuPlu/X7eTqmtAkXls2a8q+y4TgZ5zXXfVqUTaSq9eGn/8vSVFt/gycP9LpUcwcGVVnxU8UZAK3VJq9u9qCIFRPw1XQJMmC0GeliUYIjtMliM4SFlNw+SliuvB4pYAx1Tt+SLpGdC6BAsTPruoqnYnZKrG/Icuq6mfimwg== from queue https://us-west-2.queue.amazonaws.com/520209054035/12872c18e88af9a2ec8fb5d7a6abe00611f7154eea04ab0881a5ee239a93caf5
2016-12-29 03:35:18,908 [DEBUG] Receiving messages for queue https://us-west-2.queue.amazonaws.com/520209054035/12872c18e88af9a2ec8fb5d7a6abe00611f7154eea04ab0881a5ee239a93caf5
2016-12-29 03:35:38,959 [DEBUG] Receiving messages for queue https://us-west-2.queue.amazonaws.com/520209054035/12872c18e88af9a2ec8fb5d7a6abe00611f7154eea04ab0881a5ee239a93caf5
2016-12-29 03:35:59,009 [DEBUG] Receiving messages for queue https://us-west-2.queue.amazonaws.com/520209054035/12872c18e88af9a2ec8fb5d7a6abe00611f7154eea04ab0881a5ee239a93caf5
2016-12-29 03:36:19,085 [DEBUG] Receiving messages for queue https://us-west-2.queue.amazonaws.com/520209054035/12872c18e88af9a2ec8fb5d7a6abe00611f7154eea04ab0881a5ee239a93caf5
2016-12-29 03:36:39,135 [DEBUG] Receiving messages for queue https://us-west-2.queue.amazonaws.com/520209054035/12872c18e88af9a2ec8fb5d7a6abe00611f7154eea04ab0881a5ee239a93caf5
2016-12-29 03:36:59,195 [DEBUG] Receiving messages for queue https://us-west-2.queue.amazonaws.com/520209054035/12872c18e88af9a2ec8fb5d7a6abe00611f7154eea04ab0881a5ee239a93caf5
2016-12-29 03:37:19,301 [DEBUG] Receiving messages for queue https://us-west-2.queue.amazonaws.com/520209054035/12872c18e88af9a2ec8fb5d7a6abe00611f7154eea04ab0881a5ee239a93caf5
2016-12-29 03:37:39,354 [DEBUG] Receiving messages for queue https://us-west-2.queue.amazonaws.com/520209054035/12872c18e88af9a2ec8fb5d7a6abe00611f7154eea04ab0881a5ee239a93caf5
2016-12-29 03:37:59,409 [DEBUG] Receiving messages for queue https://us-west-2.queue.amazonaws.com/520209054035/12872c18e88af9a2ec8fb5d7a6abe00611f7154eea04ab0881a5ee239a93caf5
2016-12-29 03:38:19,459 [DEBUG] Receiving messages for queue https://us-west-2.queue.amazonaws.com/520209054035/12872c18e88af9a2ec8fb5d7a6abe00611f7154eea04ab0881a5ee239a93caf5
2016-12-29 03:38:39,563 [DEBUG] Receiving messages for queue https://us-west-2.queue.amazonaws.com/520209054035/12872c18e88af9a2ec8fb5d7a6abe00611f7154eea04ab0881a5ee239a93caf5
2016-12-29 03:38:59,614 [DEBUG] Receiving messages for queue https://us-west-2.queue.amazonaws.com/520209054035/12872c18e88af9a2ec8fb5d7a6abe00611f7154eea04ab0881a5ee239a93caf5
2016-12-29 03:39:19,665 [DEBUG] Receiving messages for queue https://us-west-2.queue.amazonaws.com/520209054035/12872c18e88af9a2ec8fb5d7a6abe00611f7154eea04ab0881a5ee239a93caf5
2016-12-29 03:39:39,714 [DEBUG] Receiving messages for queue https://us-west-2.queue.amazonaws.com/520209054035/12872c18e88af9a2ec8fb5d7a6abe00611f7154eea04ab0881a5ee239a93caf5
2016-12-29 03:39:59,815 [DEBUG] Receiving messages for queue https://us-west-2.queue.amazonaws.com/520209054035/12872c18e88af9a2ec8fb5d7a6abe00611f7154eea04ab0881a5ee239a93caf5
2016-12-29 03:40:19,867 [INFO] command processing is alive.
2016-12-29 03:40:19,868 [DEBUG] Receiving messages for queue https://us-west-2.queue.amazonaws.com/520209054035/12872c18e88af9a2ec8fb5d7a6abe00611f7154eea04ab0881a5ee239a93caf5
2016-12-29 03:40:39,919 [DEBUG] Receiving messages for queue https://us-west-2.queue.amazonaws.com/520209054035/12872c18e88af9a2ec8fb5d7a6abe00611f7154eea04ab0881a5ee239a93caf5
2016-12-29 03:41:00,017 [DEBUG] Receiving messages for queue https://us-west-2.queue.amazonaws.com/520209054035/12872c18e88af9a2ec8fb5d7a6abe00611f7154eea04ab0881a5ee239a93caf5
2016-12-29 03:41:20,073 [DEBUG] Receiving messages for queue https://us-west-2.queue.amazonaws.com/520209054035/12872c18e88af9a2ec8fb5d7a6abe00611f7154eea04ab0881a5ee239a93caf5
2016-12-29 03:41:40,175 [DEBUG] Receiving messages for queue https://us-west-2.queue.amazonaws.com/520209054035/12872c18e88af9a2ec8fb5d7a6abe00611f7154eea04ab0881a5ee239a93caf5
2016-12-29 03:42:00,224 [DEBUG] Receiving messages for queue https://us-west-2.queue.amazonaws.com/520209054035/12872c18e88af9a2ec8fb5d7a6abe00611f7154eea04ab0881a5ee239a93caf5
2016-12-29 03:42:20,338 [DEBUG] Receiving messages for queue https://us-west-2.queue.amazonaws.com/520209054035/12872c18e88af9a2ec8fb5d7a6abe00611f7154eea04ab0881a5ee239a93caf5
2016-12-29 03:42:40,410 [DEBUG] Receiving messages for queue https://us-west-2.queue.amazonaws.com/520209054035/12872c18e88af9a2ec8fb5d7a6abe00611f7154eea04ab0881a5ee239a93caf5
2016-12-29 03:43:00,463 [DEBUG] Receiving messages for queue https://us-west-2.queue.amazonaws.com/520209054035/12872c18e88af9a2ec8fb5d7a6abe00611f7154eea04ab0881a5ee239a93caf5
2016-12-29 03:43:20,526 [DEBUG] Receiving messages for queue https://us-west-2.queue.amazonaws.com/520209054035/12872c18e88af9a2ec8fb5d7a6abe00611f7154eea04ab0881a5ee239a93caf5
2016-12-29 03:43:40,633 [DEBUG] Receiving messages for queue https://us-west-2.queue.amazonaws.com/520209054035/12872c18e88af9a2ec8fb5d7a6abe00611f7154eea04ab0881a5ee239a93caf5
2016-12-29 03:44:00,736 [DEBUG] Receiving messages for queue https://us-west-2.queue.amazonaws.com/520209054035/12872c18e88af9a2ec8fb5d7a6abe00611f7154eea04ab0881a5ee239a93caf5
2016-12-29 03:44:20,787 [DEBUG] Receiving messages for queue https://us-west-2.queue.amazonaws.com/520209054035/12872c18e88af9a2ec8fb5d7a6abe00611f7154eea04ab0881a5ee239a93caf5
2016-12-29 03:44:40,839 [DEBUG] Receiving messages for queue https://us-west-2.queue.amazonaws.com/520209054035/12872c18e88af9a2ec8fb5d7a6abe00611f7154eea04ab0881a5ee239a93caf5
2016-12-29 03:45:00,888 [DEBUG] Receiving messages for queue https://us-west-2.queue.amazonaws.com/520209054035/12872c18e88af9a2ec8fb5d7a6abe00611f7154eea04ab0881a5ee239a93caf5
2016-12-29 03:45:20,970 [INFO] command processing is alive.
2016-12-29 03:45:20,971 [DEBUG] Receiving messages for queue https://us-west-2.queue.amazonaws.com/520209054035/12872c18e88af9a2ec8fb5d7a6abe00611f7154eea04ab0881a5ee239a93caf5
2016-12-29 03:45:41,028 [DEBUG] Receiving messages for queue https://us-west-2.queue.amazonaws.com/520209054035/12872c18e88af9a2ec8fb5d7a6abe00611f7154eea04ab0881a5ee239a93caf5
2016-12-29 03:46:01,125 [DEBUG] Receiving messages for queue https://us-west-2.queue.amazonaws.com/520209054035/12872c18e88af9a2ec8fb5d7a6abe00611f7154eea04ab0881a5ee239a93caf5
2016-12-29 03:46:21,195 [DEBUG] Receiving messages for queue https://us-west-2.queue.amazonaws.com/520209054035/12872c18e88af9a2ec8fb5d7a6abe00611f7154eea04ab0881a5ee239a93caf5
2016-12-29 03:46:41,247 [DEBUG] Receiving messages for queue https://us-west-2.queue.amazonaws.com/520209054035/12872c18e88af9a2ec8fb5d7a6abe00611f7154eea04ab0881a5ee239a93caf5
2016-12-29 03:47:01,297 [DEBUG] Receiving messages for queue https://us-west-2.queue.amazonaws.com/520209054035/12872c18e88af9a2ec8fb5d7a6abe00611f7154eea04ab0881a5ee239a93caf5
2016-12-29 03:47:21,369 [DEBUG] Receiving messages for queue https://us-west-2.queue.amazonaws.com/520209054035/12872c18e88af9a2ec8fb5d7a6abe00611f7154eea04ab0881a5ee239a93caf5
2016-12-29 03:47:41,467 [DEBUG] Receiving messages for queue https://us-west-2.queue.amazonaws.com/520209054035/12872c18e88af9a2ec8fb5d7a6abe00611f7154eea04ab0881a5ee239a93caf5
2016-12-29 03:48:01,568 [DEBUG] Receiving messages for queue https://us-west-2.queue.amazonaws.com/520209054035/12872c18e88af9a2ec8fb5d7a6abe00611f7154eea04ab0881a5ee239a93caf5
2016-12-29 03:48:21,627 [DEBUG] Receiving messages for queue https://us-west-2.queue.amazonaws.com/520209054035/12872c18e88af9a2ec8fb5d7a6abe00611f7154eea04ab0881a5ee239a93caf5
2016-12-29 03:48:41,684 [DEBUG] Receiving messages for queue https://us-west-2.queue.amazonaws.com/520209054035/12872c18e88af9a2ec8fb5d7a6abe00611f7154eea04ab0881a5ee239a93caf5
2016-12-29 03:49:01,752 [DEBUG] Receiving messages for queue https://us-west-2.queue.amazonaws.com/520209054035/12872c18e88af9a2ec8fb5d7a6abe00611f7154eea04ab0881a5ee239a93caf5
2016-12-29 03:49:21,808 [DEBUG] Receiving messages for queue https://us-west-2.queue.amazonaws.com/520209054035/12872c18e88af9a2ec8fb5d7a6abe00611f7154eea04ab0881a5ee239a93caf5
2016-12-29 03:49:41,862 [DEBUG] Receiving messages for queue https://us-west-2.queue.amazonaws.com/520209054035/12872c18e88af9a2ec8fb5d7a6abe00611f7154eea04ab0881a5ee239a93caf5
2016-12-29 03:50:01,961 [DEBUG] Receiving messages for queue https://us-west-2.queue.amazonaws.com/520209054035/12872c18e88af9a2ec8fb5d7a6abe00611f7154eea04ab0881a5ee239a93caf5
2016-12-29 03:50:22,065 [INFO] command processing is alive.
2016-12-29 03:50:22,065 [DEBUG] Receiving messages for queue https://us-west-2.queue.amazonaws.com/520209054035/12872c18e88af9a2ec8fb5d7a6abe00611f7154eea04ab0881a5ee239a93caf5
2016-12-29 03:50:42,117 [DEBUG] Receiving messages for queue https://us-west-2.queue.amazonaws.com/520209054035/12872c18e88af9a2ec8fb5d7a6abe00611f7154eea04ab0881a5ee239a93caf5
2016-12-29 03:51:02,218 [DEBUG] Receiving messages for queue https://us-west-2.queue.amazonaws.com/520209054035/12872c18e88af9a2ec8fb5d7a6abe00611f7154eea04ab0881a5ee239a93caf5
2016-12-29 03:51:22,271 [DEBUG] Receiving messages for queue https://us-west-2.queue.amazonaws.com/520209054035/12872c18e88af9a2ec8fb5d7a6abe00611f7154eea04ab0881a5ee239a93caf5
2016-12-29 03:51:42,322 [DEBUG] Receiving messages for queue https://us-west-2.queue.amazonaws.com/520209054035/12872c18e88af9a2ec8fb5d7a6abe00611f7154eea04ab0881a5ee239a93caf5
2016-12-29 03:52:02,372 [DEBUG] Receiving messages for queue https://us-west-2.queue.amazonaws.com/520209054035/12872c18e88af9a2ec8fb5d7a6abe00611f7154eea04ab0881a5ee239a93caf5
2016-12-29 03:52:22,428 [DEBUG] Receiving messages for queue https://us-west-2.queue.amazonaws.com/520209054035/12872c18e88af9a2ec8fb5d7a6abe00611f7154eea04ab0881a5ee239a93caf5
2016-12-29 03:52:42,494 [DEBUG] Receiving messages for queue https://us-west-2.queue.amazonaws.com/520209054035/12872c18e88af9a2ec8fb5d7a6abe00611f7154eea04ab0881a5ee239a93caf5
2016-12-29 03:53:02,544 [DEBUG] Receiving messages for queue https://us-west-2.queue.amazonaws.com/520209054035/12872c18e88af9a2ec8fb5d7a6abe00611f7154eea04ab0881a5ee239a93caf5
2016-12-29 03:53:22,596 [DEBUG] Receiving messages for queue https://us-west-2.queue.amazonaws.com/520209054035/12872c18e88af9a2ec8fb5d7a6abe00611f7154eea04ab0881a5ee239a93caf5
2016-12-29 03:53:42,697 [DEBUG] Receiving messages for queue https://us-west-2.queue.amazonaws.com/520209054035/12872c18e88af9a2ec8fb5d7a6abe00611f7154eea04ab0881a5ee239a93caf5
2016-12-29 03:54:02,748 [DEBUG] Receiving messages for queue https://us-west-2.queue.amazonaws.com/520209054035/12872c18e88af9a2ec8fb5d7a6abe00611f7154eea04ab0881a5ee239a93caf5
2016-12-29 03:54:22,848 [DEBUG] Receiving messages for queue https://us-west-2.queue.amazonaws.com/520209054035/12872c18e88af9a2ec8fb5d7a6abe00611f7154eea04ab0881a5ee239a93caf5
2016-12-29 03:54:42,898 [DEBUG] Receiving messages for queue https://us-west-2.queue.amazonaws.com/520209054035/12872c18e88af9a2ec8fb5d7a6abe00611f7154eea04ab0881a5ee239a93caf5
2016-12-29 03:55:02,954 [DEBUG] Receiving messages for queue https://us-west-2.queue.amazonaws.com/520209054035/12872c18e88af9a2ec8fb5d7a6abe00611f7154eea04ab0881a5ee239a93caf5
2016-12-29 03:55:23,104 [INFO] command processing is alive.
2016-12-29 03:55:23,105 [DEBUG] Receiving messages for queue https://us-west-2.queue.amazonaws.com/520209054035/12872c18e88af9a2ec8fb5d7a6abe00611f7154eea04ab0881a5ee239a93caf5
2016-12-29 03:55:43,159 [DEBUG] Receiving messages for queue https://us-west-2.queue.amazonaws.com/520209054035/12872c18e88af9a2ec8fb5d7a6abe00611f7154eea04ab0881a5ee239a93caf5
2016-12-29 03:56:03,213 [DEBUG] Receiving messages for queue https://us-west-2.queue.amazonaws.com/520209054035/12872c18e88af9a2ec8fb5d7a6abe00611f7154eea04ab0881a5ee239a93caf5
2016-12-29 03:56:23,312 [DEBUG] Receiving messages for queue https://us-west-2.queue.amazonaws.com/520209054035/12872c18e88af9a2ec8fb5d7a6abe00611f7154eea04ab0881a5ee239a93caf5
2016-12-29 03:56:43,408 [DEBUG] Receiving messages for queue https://us-west-2.queue.amazonaws.com/520209054035/12872c18e88af9a2ec8fb5d7a6abe00611f7154eea04ab0881a5ee239a93caf5
2016-12-29 03:57:03,478 [DEBUG] Receiving messages for queue https://us-west-2.queue.amazonaws.com/520209054035/12872c18e88af9a2ec8fb5d7a6abe00611f7154eea04ab0881a5ee239a93caf5
2016-12-29 03:57:23,530 [DEBUG] Receiving messages for queue https://us-west-2.queue.amazonaws.com/520209054035/12872c18e88af9a2ec8fb5d7a6abe00611f7154eea04ab0881a5ee239a93caf5
2016-12-29 03:57:43,628 [DEBUG] Receiving messages for queue https://us-west-2.queue.amazonaws.com/520209054035/12872c18e88af9a2ec8fb5d7a6abe00611f7154eea04ab0881a5ee239a93caf5
2016-12-29 03:58:03,678 [DEBUG] Receiving messages for queue https://us-west-2.queue.amazonaws.com/520209054035/12872c18e88af9a2ec8fb5d7a6abe00611f7154eea04ab0881a5ee239a93caf5
2016-12-29 03:58:23,728 [DEBUG] Receiving messages for queue https://us-west-2.queue.amazonaws.com/520209054035/12872c18e88af9a2ec8fb5d7a6abe00611f7154eea04ab0881a5ee239a93caf5
2016-12-29 03:58:43,780 [DEBUG] Receiving messages for queue https://us-west-2.queue.amazonaws.com/520209054035/12872c18e88af9a2ec8fb5d7a6abe00611f7154eea04ab0881a5ee239a93caf5
2016-12-29 03:59:03,831 [DEBUG] Receiving messages for queue https://us-west-2.queue.amazonaws.com/520209054035/12872c18e88af9a2ec8fb5d7a6abe00611f7154eea04ab0881a5ee239a93caf5
2016-12-29 03:59:23,932 [DEBUG] Receiving messages for queue https://us-west-2.queue.amazonaws.com/520209054035/12872c18e88af9a2ec8fb5d7a6abe00611f7154eea04ab0881a5ee239a93caf5
2016-12-29 03:59:43,982 [DEBUG] Receiving messages for queue https://us-west-2.queue.amazonaws.com/520209054035/12872c18e88af9a2ec8fb5d7a6abe00611f7154eea04ab0881a5ee239a93caf5
2016-12-29 04:00:04,068 [DEBUG] Receiving messages for queue https://us-west-2.queue.amazonaws.com/520209054035/12872c18e88af9a2ec8fb5d7a6abe00611f7154eea04ab0881a5ee239a93caf5
2016-12-29 04:00:24,117 [INFO] command processing is alive.
2016-12-29 04:00:24,118 [DEBUG] Receiving messages for queue https://us-west-2.queue.amazonaws.com/520209054035/12872c18e88af9a2ec8fb5d7a6abe00611f7154eea04ab0881a5ee239a93caf5
2016-12-29 04:00:44,168 [DEBUG] Receiving messages for queue https://us-west-2.queue.amazonaws.com/520209054035/12872c18e88af9a2ec8fb5d7a6abe00611f7154eea04ab0881a5ee239a93caf5
2016-12-29 04:01:04,221 [DEBUG] Receiving messages for queue https://us-west-2.queue.amazonaws.com/520209054035/12872c18e88af9a2ec8fb5d7a6abe00611f7154eea04ab0881a5ee239a93caf5
2016-12-29 04:01:24,271 [DEBUG] Receiving messages for queue https://us-west-2.queue.amazonaws.com/520209054035/12872c18e88af9a2ec8fb5d7a6abe00611f7154eea04ab0881a5ee239a93caf5
2016-12-29 04:01:44,324 [DEBUG] Receiving messages for queue https://us-west-2.queue.amazonaws.com/520209054035/12872c18e88af9a2ec8fb5d7a6abe00611f7154eea04ab0881a5ee239a93caf5
2016-12-29 04:02:04,377 [DEBUG] Receiving messages for queue https://us-west-2.queue.amazonaws.com/520209054035/12872c18e88af9a2ec8fb5d7a6abe00611f7154eea04ab0881a5ee239a93caf5
2016-12-29 04:02:24,485 [DEBUG] Receiving messages for queue https://us-west-2.queue.amazonaws.com/520209054035/12872c18e88af9a2ec8fb5d7a6abe00611f7154eea04ab0881a5ee239a93caf5
2016-12-29 04:02:44,543 [DEBUG] Receiving messages for queue https://us-west-2.queue.amazonaws.com/520209054035/12872c18e88af9a2ec8fb5d7a6abe00611f7154eea04ab0881a5ee239a93caf5
2016-12-29 04:03:04,645 [DEBUG] Receiving messages for queue https://us-west-2.queue.amazonaws.com/520209054035/12872c18e88af9a2ec8fb5d7a6abe00611f7154eea04ab0881a5ee239a93caf5
2016-12-29 04:03:24,748 [DEBUG] Receiving messages for queue https://us-west-2.queue.amazonaws.com/520209054035/12872c18e88af9a2ec8fb5d7a6abe00611f7154eea04ab0881a5ee239a93caf5
2016-12-29 04:03:44,848 [DEBUG] Receiving messages for queue https://us-west-2.queue.amazonaws.com/520209054035/12872c18e88af9a2ec8fb5d7a6abe00611f7154eea04ab0881a5ee239a93caf5
2016-12-29 04:04:04,896 [DEBUG] Receiving messages for queue https://us-west-2.queue.amazonaws.com/520209054035/12872c18e88af9a2ec8fb5d7a6abe00611f7154eea04ab0881a5ee239a93caf5
2016-12-29 04:04:24,953 [DEBUG] Receiving messages for queue https://us-west-2.queue.amazonaws.com/520209054035/12872c18e88af9a2ec8fb5d7a6abe00611f7154eea04ab0881a5ee239a93caf5
2016-12-29 04:04:45,027 [DEBUG] Receiving messages for queue https://us-west-2.queue.amazonaws.com/520209054035/12872c18e88af9a2ec8fb5d7a6abe00611f7154eea04ab0881a5ee239a93caf5
2016-12-29 04:05:05,077 [DEBUG] Receiving messages for queue https://us-west-2.queue.amazonaws.com/520209054035/12872c18e88af9a2ec8fb5d7a6abe00611f7154eea04ab0881a5ee239a93caf5
2016-12-29 04:05:25,177 [INFO] command processing is alive.
2016-12-29 04:05:25,178 [DEBUG] Receiving messages for queue https://us-west-2.queue.amazonaws.com/520209054035/12872c18e88af9a2ec8fb5d7a6abe00611f7154eea04ab0881a5ee239a93caf5
2016-12-29 04:05:45,279 [DEBUG] Receiving messages for queue https://us-west-2.queue.amazonaws.com/520209054035/12872c18e88af9a2ec8fb5d7a6abe00611f7154eea04ab0881a5ee239a93caf5
2016-12-29 04:06:05,378 [DEBUG] Receiving messages for queue https://us-west-2.queue.amazonaws.com/520209054035/12872c18e88af9a2ec8fb5d7a6abe00611f7154eea04ab0881a5ee239a93caf5
2016-12-29 04:06:25,428 [DEBUG] Receiving messages for queue https://us-west-2.queue.amazonaws.com/520209054035/12872c18e88af9a2ec8fb5d7a6abe00611f7154eea04ab0881a5ee239a93caf5
2016-12-29 04:06:45,480 [DEBUG] Receiving messages for queue https://us-west-2.queue.amazonaws.com/520209054035/12872c18e88af9a2ec8fb5d7a6abe00611f7154eea04ab0881a5ee239a93caf5
2016-12-29 04:07:05,532 [DEBUG] Receiving messages for queue https://us-west-2.queue.amazonaws.com/520209054035/12872c18e88af9a2ec8fb5d7a6abe00611f7154eea04ab0881a5ee239a93caf5
2016-12-29 04:07:25,636 [DEBUG] Receiving messages for queue https://us-west-2.queue.amazonaws.com/520209054035/12872c18e88af9a2ec8fb5d7a6abe00611f7154eea04ab0881a5ee239a93caf5
2016-12-29 04:07:45,744 [DEBUG] Receiving messages for queue https://us-west-2.queue.amazonaws.com/520209054035/12872c18e88af9a2ec8fb5d7a6abe00611f7154eea04ab0881a5ee239a93caf5
2016-12-29 04:08:05,799 [DEBUG] Receiving messages for queue https://us-west-2.queue.amazonaws.com/520209054035/12872c18e88af9a2ec8fb5d7a6abe00611f7154eea04ab0881a5ee239a93caf5
2016-12-29 04:08:25,901 [DEBUG] Receiving messages for queue https://us-west-2.queue.amazonaws.com/520209054035/12872c18e88af9a2ec8fb5d7a6abe00611f7154eea04ab0881a5ee239a93caf5
2016-12-29 04:08:45,949 [DEBUG] Receiving messages for queue https://us-west-2.queue.amazonaws.com/520209054035/12872c18e88af9a2ec8fb5d7a6abe00611f7154eea04ab0881a5ee239a93caf5
2016-12-29 04:09:06,001 [DEBUG] Receiving messages for queue https://us-west-2.queue.amazonaws.com/520209054035/12872c18e88af9a2ec8fb5d7a6abe00611f7154eea04ab0881a5ee239a93caf5
2016-12-29 04:09:26,053 [DEBUG] Receiving messages for queue https://us-west-2.queue.amazonaws.com/520209054035/12872c18e88af9a2ec8fb5d7a6abe00611f7154eea04ab0881a5ee239a93caf5
2016-12-29 04:09:46,150 [DEBUG] Receiving messages for queue https://us-west-2.queue.amazonaws.com/520209054035/12872c18e88af9a2ec8fb5d7a6abe00611f7154eea04ab0881a5ee239a93caf5
2016-12-29 04:10:06,203 [DEBUG] Receiving messages for queue https://us-west-2.queue.amazonaws.com/520209054035/12872c18e88af9a2ec8fb5d7a6abe00611f7154eea04ab0881a5ee239a93caf5
2016-12-29 04:10:26,255 [INFO] command processing is alive.
2016-12-29 04:10:26,255 [DEBUG] Receiving messages for queue https://us-west-2.queue.amazonaws.com/520209054035/12872c18e88af9a2ec8fb5d7a6abe00611f7154eea04ab0881a5ee239a93caf5
2016-12-29 04:10:46,355 [DEBUG] Receiving messages for queue https://us-west-2.queue.amazonaws.com/520209054035/12872c18e88af9a2ec8fb5d7a6abe00611f7154eea04ab0881a5ee239a93caf5
2016-12-29 04:11:06,454 [DEBUG] Receiving messages for queue https://us-west-2.queue.amazonaws.com/520209054035/12872c18e88af9a2ec8fb5d7a6abe00611f7154eea04ab0881a5ee239a93caf5
2016-12-29 04:11:26,504 [DEBUG] Receiving messages for queue https://us-west-2.queue.amazonaws.com/520209054035/12872c18e88af9a2ec8fb5d7a6abe00611f7154eea04ab0881a5ee239a93caf5
2016-12-29 04:11:46,605 [DEBUG] Receiving messages for queue https://us-west-2.queue.amazonaws.com/520209054035/12872c18e88af9a2ec8fb5d7a6abe00611f7154eea04ab0881a5ee239a93caf5
2016-12-29 04:12:06,656 [DEBUG] Receiving messages for queue https://us-west-2.queue.amazonaws.com/520209054035/12872c18e88af9a2ec8fb5d7a6abe00611f7154eea04ab0881a5ee239a93caf5
2016-12-29 04:12:26,707 [DEBUG] Receiving messages for queue https://us-west-2.queue.amazonaws.com/520209054035/12872c18e88af9a2ec8fb5d7a6abe00611f7154eea04ab0881a5ee239a93caf5
2016-12-29 04:12:46,760 [DEBUG] Receiving messages for queue https://us-west-2.queue.amazonaws.com/520209054035/12872c18e88af9a2ec8fb5d7a6abe00611f7154eea04ab0881a5ee239a93caf5
2016-12-29 04:13:06,763 [DEBUG] Processing message: {'EventHandle': 'https://cfn-command-events-uswest2.s3-us-west-2.amazonaws.com/157368033ffcf3870e025a337f539c5f694f805a0b30bdb3554f1652a0042b23?X-Amz-Algorithm=AWS4-HMAC-SHA256&X-Amz-Date=20161229T041306Z&X-Amz-SignedHeaders=host&X-Amz-Expires=3719&X-Amz-Credential=AKIAIVXX2DZBQL4ILTIQ%2F20161229%2Fus-west-2%2Fs3%2Faws4_request&X-Amz-Signature=ecd01352d23b67fa360fcd1cdcee141ce57758588aac7ed6093536dab08febd1', 'DispatcherId': 'arn:aws:cloudformation:us-west-2:230974412218:dispatcher/awseb-e-w6dxgi7ekq-stack/fd7a7d0d-df32-4b04-8ea3-5449a06f9813', 'CommandName': 'ElasticBeanstalkCommand-AWSEBAutoScalingGroup', 'Expiration': 1482984906552, 'ResultQueue': 'https://sqs.us-west-2.amazonaws.com/520209054035/results', 'Data': 'https://elasticbeanstalk-us-west-2.s3-us-west-2.amazonaws.com/data/environments/9dfee4c9-d551-4064-8273-4cff5dc2a422/5d0d6cb2-8784-4978-9fa1-76ee9c8b6650?AWSAccessKeyId=AKIAJXQCYYTDBBGMTJ6Q&Expires=1482985086&Signature=qmgjvXCXjZPdKX%2FXpnZx5rSyKx8%3D', 'InvocationId': '88296fea-26bb-489b-83e6-ae3d0e778879'}
2016-12-29 04:13:06,764 [DEBUG] Command message: {'EventHandle': 'https://cfn-command-events-uswest2.s3-us-west-2.amazonaws.com/157368033ffcf3870e025a337f539c5f694f805a0b30bdb3554f1652a0042b23?X-Amz-Algorithm=AWS4-HMAC-SHA256&X-Amz-Date=20161229T041306Z&X-Amz-SignedHeaders=host&X-Amz-Expires=3719&X-Amz-Credential=AKIAIVXX2DZBQL4ILTIQ%2F20161229%2Fus-west-2%2Fs3%2Faws4_request&X-Amz-Signature=ecd01352d23b67fa360fcd1cdcee141ce57758588aac7ed6093536dab08febd1', 'DispatcherId': 'arn:aws:cloudformation:us-west-2:230974412218:dispatcher/awseb-e-w6dxgi7ekq-stack/fd7a7d0d-df32-4b04-8ea3-5449a06f9813', 'CommandName': 'ElasticBeanstalkCommand-AWSEBAutoScalingGroup', 'Expiration': 1482984906552, 'ResultQueue': 'https://sqs.us-west-2.amazonaws.com/520209054035/results', 'Data': 'https://elasticbeanstalk-us-west-2.s3-us-west-2.amazonaws.com/data/environments/9dfee4c9-d551-4064-8273-4cff5dc2a422/5d0d6cb2-8784-4978-9fa1-76ee9c8b6650?AWSAccessKeyId=AKIAJXQCYYTDBBGMTJ6Q&Expires=1482985086&Signature=qmgjvXCXjZPdKX%2FXpnZx5rSyKx8%3D', 'InvocationId': '88296fea-26bb-489b-83e6-ae3d0e778879'}
2016-12-29 04:13:06,764 [INFO] Received command ElasticBeanstalkCommand-AWSEBAutoScalingGroup (invocation id: 88296fea-26bb-489b-83e6-ae3d0e778879)
2016-12-29 04:13:06,764 [INFO] Running action for aws-eb-command-handler
2016-12-29 04:13:06,764 [DEBUG] Action environment: {'LANG': 'en_US.UTF-8', 'TERM': 'linux', 'LISTENER_ID': u'i-0c07a7328f96d6d79', 'RESULT_SECRET_KEY': u'oka8izSY59/QW6veDe9O88sLOc61v/1qNvKclET8', 'SHLVL': '1', 'RESULT_ACCESS_KEY': u'ASIAJK7JMCVBV7XU3IOQ', 'STACK_NAME': 'arn:aws:cloudformation:us-west-2:230974412218:stack/awseb-e-w6dxgi7ekq-stack/c155abe0-cd6f-11e6-94f7-503f20f2ade6', 'RESULT_SESSION_TOKEN': u'AgoGb3JpZ2luEPb//////////wEaCXVzLXdlc3QtMiKAAktZP0WhsF0y86oVjaDmZ/9HRNysyWZWCusDj2KLophEFe1tzVWuUGGJ/2tQC4b3ZZLyhZo6PKFT2jvUj1aeRkMtJXtLJ4oTpnlbC47Akpp+IRyCWG341/72npKQkAAKikk9gBXkK4go1LHIDNVZwaeEosUZA3eod9xWL4u59zyWExBBV/4E7aKgbpfF4q6Fc/mABJVdp2LJibMQrZZg1eujqND/KLJpFIhS3Kc6SQKqiBbn60N7G66DnNS8DNpJzsXq+Glb4+dksOaPve9wKBESVMMlQ8/94RDl/dVfq+VfOD78OG98zY4KDa6hkvapHflE+PlynAwog35QEHkMesgqvAMIPBAAGgw1MjAyMDkwNTQwMzUiDFom0cPziIJXqvJ7HCqZA3+97Nx8CMR8yyuVRX7ZzpBOhhJiI+rRg/MeXh9vdp1ovlbl9OU1yM+QIVQs7vOlaCPgmUmkLfkxu5/mLlzfZuEOR5AJvOHehIkQ2Z9zaUiPkySDtca8Il+kPQh1eCmmduXsok0n1yYotzi3/GqVOzeqpXYhOA9vq1NzU/bT0DK1VJcWeZgzjQOX+CmYvdFySoMocQxdqBz5xDo71PhYlyp63x6KTrbspkQQtwxAgFIAbvWdQqUYkx7Xn8SlRnKsGuZSwihI8rilh7ocTFW6RF6xP+CtfX+56tlw/B5mQroim+oIN7ohwidBuDK0L0skIQZ+OLiID5cAAaSkyK2pwe4MbPP8CaNMixw7ZC3Qj3ayQUTUvfW8CuxgMCrNriJg+ZsGHdq51tGcibDdJ5faJTVOtvJcis7TJhjD3PB7/f6wWbDrbaY5wZqdwuaiESqO0BlUCAoNUwliR98FxgiWZ7Sk7l041X0WcP3TAtUIQb57lkIyUb2fa2znLBqJYYL+mgnYY9z4HmGcXAHWxA7+shk9xSA/xtEjNuIw9e6RwwU=', 'UPSTART_JOB': 'cfn-hup', 'CMD_DATA': 'https://elasticbeanstalk-us-west-2.s3-us-west-2.amazonaws.com/data/environments/9dfee4c9-d551-4064-8273-4cff5dc2a422/5d0d6cb2-8784-4978-9fa1-76ee9c8b6650?AWSAccessKeyId=AKIAJXQCYYTDBBGMTJ6Q&Expires=1482985086&Signature=qmgjvXCXjZPdKX%2FXpnZx5rSyKx8%3D', 'UPSTART_INSTANCE': '', 'PWD': '/', 'PATH': '/usr/local/sbin:/usr/local/bin:/usr/bin:/usr/sbin:/sbin:/bin', 'CMD_NAME': 'ElasticBeanstalkCommand-AWSEBAutoScalingGroup', 'RESULT_QUEUE': 'https://sqs.us-west-2.amazonaws.com/520209054035/results', 'DISPATCHER_ID': 'arn:aws:cloudformation:us-west-2:230974412218:dispatcher/awseb-e-w6dxgi7ekq-stack/fd7a7d0d-df32-4b04-8ea3-5449a06f9813', 'EVENT_HANDLE': 'https://cfn-command-events-uswest2.s3-us-west-2.amazonaws.com/157368033ffcf3870e025a337f539c5f694f805a0b30bdb3554f1652a0042b23?X-Amz-Algorithm=AWS4-HMAC-SHA256&X-Amz-Date=20161229T041306Z&X-Amz-SignedHeaders=host&X-Amz-Expires=3719&X-Amz-Credential=AKIAIVXX2DZBQL4ILTIQ%2F20161229%2Fus-west-2%2Fs3%2Faws4_request&X-Amz-Signature=ecd01352d23b67fa360fcd1cdcee141ce57758588aac7ed6093536dab08febd1', '_': '/opt/aws/bin/cfn-hup', 'INVOCATION_ID': '88296fea-26bb-489b-83e6-ae3d0e778879'}
