[2016-12-29T02:39:50.805Z] INFO  [1690]  - [Initialization] : Starting activity...
[2016-12-29T02:39:50.805Z] INFO  [1690]  - [Initialization/AddonsBefore] : Starting activity...
[2016-12-29T02:39:50.805Z] INFO  [1690]  - [Initialization/AddonsBefore] : Completed activity.
[2016-12-29T02:39:50.805Z] INFO  [1690]  - [Initialization/PreInitStage0] : Starting activity...
[2016-12-29T02:39:50.805Z] INFO  [1690]  - [Initialization/PreInitStage0/InfraWriteConfig] : Starting activity...
[2016-12-29T02:39:50.809Z] INFO  [1690]  - [Initialization/PreInitStage0/InfraWriteConfig] : Completed activity. Result:
  Recreated directory /opt/elasticbeanstalk/deploy/configuration/.
  Generate appsource url file at /opt/elasticbeanstalk/deploy/configuration/appsourceurl.
  Generate container config file at /opt/elasticbeanstalk/deploy/configuration/containerconfiguration.
[2016-12-29T02:39:50.810Z] INFO  [1690]  - [Initialization/PreInitStage0/DownloadSourceBundle] : Starting activity...
[2016-12-29T02:39:51.381Z] INFO  [1690]  - [Initialization/PreInitStage0/DownloadSourceBundle] : Completed activity. Result:
  [2016-12-29T02:39:51.029Z] INFO  [1706]  : Application version will be saved to /opt/elasticbeanstalk/deploy/appsource.
  [2016-12-29T02:39:51.029Z] INFO  [1706]  : Using manifest cache with deployment ID 1 and serial 1.
  [2016-12-29T02:39:51.029Z] INFO  [1706]  : Attempting to download application source bundle to: '/opt/elasticbeanstalk/deploy/appsource/source_bundle'.
  [2016-12-29T02:39:51.029Z] INFO  [1706]  : Using computed s3 key.
  [2016-12-29T02:39:51.262Z] INFO  [1706]  : Downloading from bucket 'elasticbeanstalk-us-west-2-230974412218' with key 'resources/environments/e-w6dxgi7ekq/_runtime/_versions/My First Elastic Beanstalk Application/Sample Application' and version '' to '/opt/elasticbeanstalk/deploy/appsource/source_bundle'.
  [2016-12-29T02:39:51.343Z] INFO  [1706]  : Size: 2214, ETag: "b387d02071ce014d4e70b86f224d62e6", Metadata: {"environmentid"=>"e-w6dxgi7ekq", "requestid"=>"b87c0c67-cd6f-11e6-9cff-5744260e0795"}.
  [2016-12-29T02:39:51.359Z] INFO  [1706]  : Downloaded size: 2214.
  [2016-12-29T02:39:51.359Z] INFO  [1706]  : Successfully downloaded to '/opt/elasticbeanstalk/deploy/appsource/source_bundle'.
[2016-12-29T02:39:51.382Z] INFO  [1690]  - [Initialization/PreInitStage0/PreInitHook] : Starting activity...
[2016-12-29T02:39:51.383Z] INFO  [1690]  - [Initialization/PreInitStage0/PreInitHook/01_install_dependencies.sh] : Starting activity...
[2016-12-29T02:39:51.565Z] INFO  [1690]  - [Initialization/PreInitStage0/PreInitHook/01_install_dependencies.sh] : Completed activity.
[2016-12-29T02:39:51.566Z] INFO  [1690]  - [Initialization/PreInitStage0/PreInitHook/01_install_procfile.sh] : Starting activity...
[2016-12-29T02:39:51.743Z] INFO  [1690]  - [Initialization/PreInitStage0/PreInitHook/01_install_procfile.sh] : Completed activity.
[2016-12-29T02:39:51.743Z] INFO  [1690]  - [Initialization/PreInitStage0/PreInitHook/01_install_proxy.sh] : Starting activity...
[2016-12-29T02:39:51.923Z] INFO  [1690]  - [Initialization/PreInitStage0/PreInitHook/01_install_proxy.sh] : Completed activity.
[2016-12-29T02:39:51.923Z] INFO  [1690]  - [Initialization/PreInitStage0/PreInitHook] : Completed activity. Result:
  Successfully execute hooks in directory /opt/elasticbeanstalk/hooks/preinit.
[2016-12-29T02:39:51.923Z] INFO  [1690]  - [Initialization/PreInitStage0] : Completed activity. Result:
  Initialization - Command CMD-PreInit stage 0 completed
[2016-12-29T02:39:51.923Z] INFO  [1690]  - [Initialization/AddonsAfter] : Starting activity...
[2016-12-29T02:39:51.924Z] INFO  [1690]  - [Initialization/AddonsAfter/InstallCWLAgent] : Starting activity...
[2016-12-29T02:39:51.924Z] INFO  [1690]  - [Initialization/AddonsAfter/InstallCWLAgent/01-install-cwl-agent.sh] : Starting activity...
[2016-12-29T02:40:07.736Z] INFO  [1690]  - [Initialization/AddonsAfter/InstallCWLAgent/01-install-cwl-agent.sh] : Completed activity. Result:
  + yum install -y awslogs
  Loaded plugins: priorities, update-motd, upgrade-helper
  Resolving Dependencies
  --> Running transaction check
  ---> Package awslogs.noarch 0:1.1.2-1.10.amzn1 will be installed
  --> Processing Dependency: aws-cli-plugin-cloudwatch-logs(python27) for package: awslogs-1.1.2-1.10.amzn1.noarch
  --> Running transaction check
  ---> Package aws-cli-plugin-cloudwatch-logs.noarch 0:1.3.3-1.15.amzn1 will be installed
  --> Finished Dependency Resolution
  
  Dependencies Resolved
  
  ================================================================================
   Package                          Arch     Version            Repository   Size
  ================================================================================
  Installing:
   awslogs                          noarch   1.1.2-1.10.amzn1   amzn-main   8.8 k
  Installing for dependencies:
   aws-cli-plugin-cloudwatch-logs   noarch   1.3.3-1.15.amzn1   amzn-main    69 k
  
  Transaction Summary
  ================================================================================
  Install  1 Package (+1 Dependent package)
  
  Total download size: 78 k
  Installed size: 240 k
  Downloading packages:
  --------------------------------------------------------------------------------
  Total                                              2.8 MB/s |  78 kB  00:00     
  Running transaction check
  Running transaction test
  Transaction test succeeded
  Running transaction
    Installing : aws-cli-plugin-cloudwatch-logs-1.3.3-1.15.amzn1.noarch       1/2 
    Installing : awslogs-1.1.2-1.10.amzn1.noarch                              2/2 
    Verifying  : awslogs-1.1.2-1.10.amzn1.noarch                              1/2 
    Verifying  : aws-cli-plugin-cloudwatch-logs-1.3.3-1.15.amzn1.noarch       2/2 
  
  Installed:
    awslogs.noarch 0:1.1.2-1.10.amzn1                                             
  
  Dependency Installed:
    aws-cli-plugin-cloudwatch-logs.noarch 0:1.3.3-1.15.amzn1                      
  
  Complete!
  + cat
  + /opt/elasticbeanstalk/bin/log-conf -n awslogs -l/var/log/awslogs.log
  ++ sed 's/.$//'
  ++ curl 169.254.169.254/latest/meta-data/placement/availability-zone
    % Total    % Received % Xferd  Average Speed   Time    Time     Time  Current
                                   Dload  Upload   Total   Spent    Left  Speed
    0     0    0     0    0     0      0      0 --:--:-- --:--:-- --:--:--     0100    10  100    10    0     0   2116      0 --:--:-- --:--:-- --:--:--  2500
  + region=us-west-2
  + sed -i -e 's/region = us-east-1/region = us-west-2/g' /etc/awslogs/awscli.conf
[2016-12-29T02:40:07.736Z] INFO  [1690]  - [Initialization/AddonsAfter/InstallCWLAgent] : Completed activity. Result:
  Successfully execute hooks in directory /opt/elasticbeanstalk/addons/logstreaming/hooks/install.
[2016-12-29T02:40:07.736Z] INFO  [1690]  - [Initialization/AddonsAfter] : Completed activity.
[2016-12-29T02:40:07.736Z] INFO  [1690]  - [Initialization] : Completed activity. Result:
  Initialization - Command CMD-PreInit succeeded
[2016-12-29T02:40:30.953Z] INFO  [1848]  - [Application deployment Sample Application@1] : Starting activity...
[2016-12-29T02:40:30.953Z] INFO  [1848]  - [Application deployment Sample Application@1/AddonsBefore] : Starting activity...
[2016-12-29T02:40:30.953Z] INFO  [1848]  - [Application deployment Sample Application@1/AddonsBefore] : Completed activity.
[2016-12-29T02:40:31.371Z] INFO  [1848]  - [Application deployment Sample Application@1/StartupStage0] : Starting activity...
[2016-12-29T02:40:31.372Z] INFO  [1848]  - [Application deployment Sample Application@1/StartupStage0/HealthdLogRotation] : Starting activity...
[2016-12-29T02:40:31.384Z] INFO  [1848]  - [Application deployment Sample Application@1/StartupStage0/HealthdLogRotation] : Completed activity. Result:
  ["/etc/cron.hourly/cron.logrotate.elasticbeanstalk.healthd.conf"]
[2016-12-29T02:40:31.384Z] INFO  [1848]  - [Application deployment Sample Application@1/StartupStage0/HealthdHTTPDLogging] : Starting activity...
[2016-12-29T02:40:31.384Z] INFO  [1848]  - [Application deployment Sample Application@1/StartupStage0/HealthdHTTPDLogging] : Completed activity.
[2016-12-29T02:40:31.384Z] INFO  [1848]  - [Application deployment Sample Application@1/StartupStage0/HealthdNginxLogging] : Starting activity...
[2016-12-29T02:40:31.385Z] INFO  [1848]  - [Application deployment Sample Application@1/StartupStage0/HealthdNginxLogging] : Completed activity.
[2016-12-29T02:40:31.385Z] INFO  [1848]  - [Application deployment Sample Application@1/StartupStage0/EbExtensionPreBuild] : Starting activity...
[2016-12-29T02:40:31.848Z] INFO  [1848]  - [Application deployment Sample Application@1/StartupStage0/EbExtensionPreBuild/Infra-EmbeddedPreBuild] : Starting activity...
[2016-12-29T02:40:31.849Z] INFO  [1848]  - [Application deployment Sample Application@1/StartupStage0/EbExtensionPreBuild/Infra-EmbeddedPreBuild/prebuild_0_My_First_Elastic_Beanstalk_Application] : Starting activity...
[2016-12-29T02:40:31.850Z] INFO  [1848]  - [Application deployment Sample Application@1/StartupStage0/EbExtensionPreBuild/Infra-EmbeddedPreBuild/prebuild_0_My_First_Elastic_Beanstalk_Application] : Completed activity.
[2016-12-29T02:40:31.850Z] INFO  [1848]  - [Application deployment Sample Application@1/StartupStage0/EbExtensionPreBuild/Infra-EmbeddedPreBuild] : Completed activity.
[2016-12-29T02:40:31.886Z] INFO  [1848]  - [Application deployment Sample Application@1/StartupStage0/EbExtensionPreBuild] : Completed activity.
[2016-12-29T02:40:31.886Z] INFO  [1848]  - [Application deployment Sample Application@1/StartupStage0/AppDeployPreHook] : Starting activity...
[2016-12-29T02:40:31.888Z] INFO  [1848]  - [Application deployment Sample Application@1/StartupStage0/AppDeployPreHook/01_configure_application.sh] : Starting activity...
[2016-12-29T02:40:44.594Z] INFO  [1848]  - [Application deployment Sample Application@1/StartupStage0/AppDeployPreHook/01_configure_application.sh] : Completed activity. Result:
  Executing: /usr/bin/unzip -o -d /var/app/staging /opt/elasticbeanstalk/deploy/appsource/source_bundle
  Archive:  /opt/elasticbeanstalk/deploy/appsource/source_bundle
    inflating: /var/app/staging/cron.yaml  
     creating: /var/app/staging/public/
    inflating: /var/app/staging/application.go  
    inflating: /var/app/staging/public/index.html  
  Executing: HOME=/tmp /opt/elasticbeanstalk/lib/ruby/bin/ruby /opt/elasticbeanstalk/lib/ruby/bin/foreman start --procfile /tmp/d20161229-1873-fx1ah8/eb-buildtask-0 --root /var/app/staging --env /var/elasticbeanstalk/staging/elasticbeanstalk.env
  02:40:32 build.1 | started with pid 1886
  02:40:43 build.1 | exited with code 0
  02:40:43 system  | sending SIGTERM to all processes
  Executing: HOME=/tmp /opt/elasticbeanstalk/lib/ruby/bin/ruby /opt/elasticbeanstalk/lib/ruby/bin/foreman export supervisord --procfile /var/app/staging/Procfile --root /var/app/current --app application --log /var/log/ --user webapp --template /opt/elasticbeanstalk/private/config/foreman/supervisord --env /var/elasticbeanstalk/staging/elasticbeanstalk.env /var/elasticbeanstalk/staging/supervisor
  [foreman export] writing: application.conf
  Executing: /opt/elasticbeanstalk/bin/log-conf -n supervisor -l'/var/log/supervisord.log' -t bundlelogs
  
  Executing: /opt/elasticbeanstalk/bin/log-conf -n containerlistener -l'/var/log/eb-container-listener.log' -t bundlelogs
  
[2016-12-29T02:40:44.594Z] INFO  [1848]  - [Application deployment Sample Application@1/StartupStage0/AppDeployPreHook/03_configure_proxy.sh] : Starting activity...
[2016-12-29T02:40:44.962Z] INFO  [1848]  - [Application deployment Sample Application@1/StartupStage0/AppDeployPreHook/03_configure_proxy.sh] : Completed activity. Result:
  Executing: /opt/elasticbeanstalk/bin/log-conf -n nginx -l'/var/log/nginx/*'
  
  Executing: /usr/sbin/nginx -t -c /var/elasticbeanstalk/staging/nginx/nginx.conf
  nginx: the configuration file /var/elasticbeanstalk/staging/nginx/nginx.conf syntax is ok
  nginx: configuration file /var/elasticbeanstalk/staging/nginx/nginx.conf test is successful
[2016-12-29T02:40:44.963Z] INFO  [1848]  - [Application deployment Sample Application@1/StartupStage0/AppDeployPreHook] : Completed activity. Result:
  Successfully execute hooks in directory /opt/elasticbeanstalk/hooks/appdeploy/pre.
[2016-12-29T02:40:44.963Z] INFO  [1848]  - [Application deployment Sample Application@1/StartupStage0/EbExtensionPostBuild] : Starting activity...
[2016-12-29T02:40:45.417Z] INFO  [1848]  - [Application deployment Sample Application@1/StartupStage0/EbExtensionPostBuild/Infra-EmbeddedPostBuild] : Starting activity...
[2016-12-29T02:40:45.417Z] INFO  [1848]  - [Application deployment Sample Application@1/StartupStage0/EbExtensionPostBuild/Infra-EmbeddedPostBuild] : Completed activity.
[2016-12-29T02:40:45.448Z] INFO  [1848]  - [Application deployment Sample Application@1/StartupStage0/EbExtensionPostBuild] : Completed activity.
[2016-12-29T02:40:45.448Z] INFO  [1848]  - [Application deployment Sample Application@1/StartupStage0/InfraCleanEbExtension] : Starting activity...
[2016-12-29T02:40:45.452Z] INFO  [1848]  - [Application deployment Sample Application@1/StartupStage0/InfraCleanEbExtension] : Completed activity. Result:
  Cleaned ebextensions subdirectories from /var/app/staging.
[2016-12-29T02:40:45.452Z] INFO  [1848]  - [Application deployment Sample Application@1/StartupStage0] : Completed activity. Result:
  Application deployment - Command CMD-Startup stage 0 completed
[2016-12-29T02:40:45.452Z] INFO  [1848]  - [Application deployment Sample Application@1/StartupStage1] : Starting activity...
[2016-12-29T02:40:45.452Z] INFO  [1848]  - [Application deployment Sample Application@1/StartupStage1/AppDeployEnactHook] : Starting activity...
[2016-12-29T02:40:45.453Z] INFO  [1848]  - [Application deployment Sample Application@1/StartupStage1/AppDeployEnactHook/01_stop_before_promote.sh] : Starting activity...
[2016-12-29T02:40:46.046Z] INFO  [1848]  - [Application deployment Sample Application@1/StartupStage1/AppDeployEnactHook/01_stop_before_promote.sh] : Completed activity. Result:
  Executing: /usr/local/bin/supervisorctl -c /etc/supervisor/supervisord.conf stop application:*
  unix:///tmp/supervisor.sock no such file
  Executing: /usr/local/bin/supervisorctl -c /etc/supervisor/supervisord.conf stop all
  unix:///tmp/supervisor.sock no such file
  Executing: /sbin/status supervisord
  supervisord stop/waiting
[2016-12-29T02:40:46.046Z] INFO  [1848]  - [Application deployment Sample Application@1/StartupStage1/AppDeployEnactHook/03_stop_proxy.sh] : Starting activity...
[2016-12-29T02:40:46.303Z] INFO  [1848]  - [Application deployment Sample Application@1/StartupStage1/AppDeployEnactHook/03_stop_proxy.sh] : Completed activity. Result:
  Executing: service nginx stop
  
[2016-12-29T02:40:46.303Z] INFO  [1848]  - [Application deployment Sample Application@1/StartupStage1/AppDeployEnactHook/05_promote_application.sh] : Starting activity...
[2016-12-29T02:40:46.503Z] INFO  [1848]  - [Application deployment Sample Application@1/StartupStage1/AppDeployEnactHook/05_promote_application.sh] : Completed activity.
[2016-12-29T02:40:46.503Z] INFO  [1848]  - [Application deployment Sample Application@1/StartupStage1/AppDeployEnactHook/07_start_application.sh] : Starting activity...
[2016-12-29T02:40:46.724Z] INFO  [1848]  - [Application deployment Sample Application@1/StartupStage1/AppDeployEnactHook/07_start_application.sh] : Completed activity. Result:
  Executing: /sbin/start supervisord
  supervisord start/running, process 1979
[2016-12-29T02:40:46.725Z] INFO  [1848]  - [Application deployment Sample Application@1/StartupStage1/AppDeployEnactHook/09_start_proxy.sh] : Starting activity...
[2016-12-29T02:40:49.715Z] INFO  [1848]  - [Application deployment Sample Application@1/StartupStage1/AppDeployEnactHook/09_start_proxy.sh] : Completed activity. Result:
  Executing: service nginx stop
  
  Executing: service nginx start
  Starting nginx: [  OK  ]
  Executing: /opt/elasticbeanstalk/bin/healthd-track-pidfile --proxy nginx
  
  Executing: /opt/elasticbeanstalk/bin/healthd-configure --appstat-log-path /var/log/nginx/healthd/application.log --appstat-unit sec --appstat-timestamp-on 'completion'
  
  Executing: /opt/elasticbeanstalk/bin/healthd-restart
  
[2016-12-29T02:40:49.715Z] INFO  [1848]  - [Application deployment Sample Application@1/StartupStage1/AppDeployEnactHook/11_stop_after_promote.sh] : Starting activity...
[2016-12-29T02:40:50.311Z] INFO  [1848]  - [Application deployment Sample Application@1/StartupStage1/AppDeployEnactHook/11_stop_after_promote.sh] : Completed activity.
[2016-12-29T02:40:50.311Z] INFO  [1848]  - [Application deployment Sample Application@1/StartupStage1/AppDeployEnactHook] : Completed activity. Result:
  Successfully execute hooks in directory /opt/elasticbeanstalk/hooks/appdeploy/enact.
[2016-12-29T02:40:50.311Z] INFO  [1848]  - [Application deployment Sample Application@1/StartupStage1/AppDeployPostHook] : Starting activity...
[2016-12-29T02:40:50.312Z] INFO  [1848]  - [Application deployment Sample Application@1/StartupStage1/AppDeployPostHook] : Completed activity. Result:
  Successfully execute hooks in directory /opt/elasticbeanstalk/hooks/appdeploy/post.
[2016-12-29T02:40:50.312Z] INFO  [1848]  - [Application deployment Sample Application@1/StartupStage1/PostInitHook] : Starting activity...
[2016-12-29T02:40:50.312Z] INFO  [1848]  - [Application deployment Sample Application@1/StartupStage1/PostInitHook] : Completed activity. Result:
  Successfully execute hooks in directory /opt/elasticbeanstalk/hooks/postinit.
[2016-12-29T02:40:50.312Z] INFO  [1848]  - [Application deployment Sample Application@1/StartupStage1] : Completed activity. Result:
  Application deployment - Command CMD-Startup stage 1 completed
[2016-12-29T02:40:50.312Z] INFO  [1848]  - [Application deployment Sample Application@1/AddonsAfter] : Starting activity...
[2016-12-29T02:40:50.313Z] INFO  [1848]  - [Application deployment Sample Application@1/AddonsAfter/ConfigLogRotation] : Starting activity...
[2016-12-29T02:40:50.313Z] INFO  [1848]  - [Application deployment Sample Application@1/AddonsAfter/ConfigLogRotation/10-config.sh] : Starting activity...
[2016-12-29T02:40:50.795Z] INFO  [1848]  - [Application deployment Sample Application@1/AddonsAfter/ConfigLogRotation/10-config.sh] : Completed activity. Result:
  Disabled forced hourly log rotation.
[2016-12-29T02:40:50.796Z] INFO  [1848]  - [Application deployment Sample Application@1/AddonsAfter/ConfigLogRotation] : Completed activity. Result:
  Successfully execute hooks in directory /opt/elasticbeanstalk/addons/logpublish/hooks/config.
[2016-12-29T02:40:50.796Z] INFO  [1848]  - [Application deployment Sample Application@1/AddonsAfter/ConfigCWLAgent] : Starting activity...
[2016-12-29T02:40:50.796Z] INFO  [1848]  - [Application deployment Sample Application@1/AddonsAfter/ConfigCWLAgent/10-config.sh] : Starting activity...
[2016-12-29T02:40:51.066Z] INFO  [1848]  - [Application deployment Sample Application@1/AddonsAfter/ConfigCWLAgent/10-config.sh] : Completed activity. Result:
  Log streaming option setting is not specified, ignore cloudwatch logs setup.
  
  Disabled log streaming.
[2016-12-29T02:40:51.066Z] INFO  [1848]  - [Application deployment Sample Application@1/AddonsAfter/ConfigCWLAgent] : Completed activity. Result:
  Successfully execute hooks in directory /opt/elasticbeanstalk/addons/logstreaming/hooks/config.
[2016-12-29T02:40:51.066Z] INFO  [1848]  - [Application deployment Sample Application@1/AddonsAfter] : Completed activity.
[2016-12-29T02:40:51.067Z] INFO  [1848]  - [Application deployment Sample Application@1] : Completed activity. Result:
  Application deployment - Command CMD-Startup succeeded
[2016-12-29T03:35:11.782Z] INFO  [3816]  - [Configuration update Sample Application@2] : Starting activity...
[2016-12-29T03:35:11.782Z] INFO  [3816]  - [Configuration update Sample Application@2/AddonsBefore] : Starting activity...
[2016-12-29T03:35:11.782Z] INFO  [3816]  - [Configuration update Sample Application@2/AddonsBefore] : Completed activity.
[2016-12-29T03:35:11.782Z] INFO  [3816]  - [Configuration update Sample Application@2/ConfigDeployStage0] : Starting activity...
[2016-12-29T03:35:11.782Z] INFO  [3816]  - [Configuration update Sample Application@2/ConfigDeployStage0/InfraWriteConfig] : Starting activity...
[2016-12-29T03:35:11.787Z] INFO  [3816]  - [Configuration update Sample Application@2/ConfigDeployStage0/InfraWriteConfig] : Completed activity. Result:
  Recreated directory /opt/elasticbeanstalk/deploy/configuration/.
  Generate appsource url file at /opt/elasticbeanstalk/deploy/configuration/appsourceurl.
  Generate container config file at /opt/elasticbeanstalk/deploy/configuration/containerconfiguration.
[2016-12-29T03:35:11.787Z] INFO  [3816]  - [Configuration update Sample Application@2/ConfigDeployStage0/ConfigDeployPreHook] : Starting activity...
[2016-12-29T03:35:11.787Z] INFO  [3816]  - [Configuration update Sample Application@2/ConfigDeployStage0/ConfigDeployPreHook/01_configure_application.sh] : Starting activity...
[2016-12-29T03:35:14.922Z] INFO  [3816]  - [Configuration update Sample Application@2/ConfigDeployStage0/ConfigDeployPreHook/01_configure_application.sh] : Completed activity. Result:
  Executing: /usr/bin/unzip -o -d /var/app/staging /opt/elasticbeanstalk/deploy/appsource/source_bundle
  Archive:  /opt/elasticbeanstalk/deploy/appsource/source_bundle
    inflating: /var/app/staging/cron.yaml  
     creating: /var/app/staging/public/
    inflating: /var/app/staging/application.go  
    inflating: /var/app/staging/public/index.html  
  Executing: HOME=/tmp /opt/elasticbeanstalk/lib/ruby/bin/ruby /opt/elasticbeanstalk/lib/ruby/bin/foreman start --procfile /tmp/d20161229-3833-wfwn9h/eb-buildtask-0 --root /var/app/staging --env /var/elasticbeanstalk/staging/elasticbeanstalk.env
  03:35:12 build.1 | started with pid 3846
  03:35:14 build.1 | exited with code 0
  03:35:14 system  | sending SIGTERM to all processes
  Executing: HOME=/tmp /opt/elasticbeanstalk/lib/ruby/bin/ruby /opt/elasticbeanstalk/lib/ruby/bin/foreman export supervisord --procfile /var/app/staging/Procfile --root /var/app/current --app application --log /var/log/ --user webapp --template /opt/elasticbeanstalk/private/config/foreman/supervisord --env /var/elasticbeanstalk/staging/elasticbeanstalk.env /var/elasticbeanstalk/staging/supervisor
  [foreman export] writing: application.conf
  Executing: /opt/elasticbeanstalk/bin/log-conf -n supervisor -l'/var/log/supervisord.log' -t bundlelogs
  
  Executing: /opt/elasticbeanstalk/bin/log-conf -n containerlistener -l'/var/log/eb-container-listener.log' -t bundlelogs
  
[2016-12-29T03:35:14.922Z] INFO  [3816]  - [Configuration update Sample Application@2/ConfigDeployStage0/ConfigDeployPreHook/03_configure_proxy.sh] : Starting activity...
[2016-12-29T03:35:15.277Z] INFO  [3816]  - [Configuration update Sample Application@2/ConfigDeployStage0/ConfigDeployPreHook/03_configure_proxy.sh] : Completed activity. Result:
  Executing: /opt/elasticbeanstalk/bin/log-conf -n nginx -l'/var/log/nginx/*'
  
  Executing: /usr/sbin/nginx -t -c /var/elasticbeanstalk/staging/nginx/nginx.conf
  nginx: the configuration file /var/elasticbeanstalk/staging/nginx/nginx.conf syntax is ok
  nginx: configuration file /var/elasticbeanstalk/staging/nginx/nginx.conf test is successful
[2016-12-29T03:35:15.278Z] INFO  [3816]  - [Configuration update Sample Application@2/ConfigDeployStage0/ConfigDeployPreHook] : Completed activity. Result:
  Successfully execute hooks in directory /opt/elasticbeanstalk/hooks/configdeploy/pre.
[2016-12-29T03:35:15.278Z] INFO  [3816]  - [Configuration update Sample Application@2/ConfigDeployStage0] : Completed activity. Result:
  Configuration update - Command CMD-ConfigDeploy stage 0 completed
[2016-12-29T03:35:15.278Z] INFO  [3816]  - [Configuration update Sample Application@2/ConfigDeployStage1] : Starting activity...
[2016-12-29T03:35:15.284Z] INFO  [3816]  - [Configuration update Sample Application@2/ConfigDeployStage1/ConfigDeployEnactHook] : Starting activity...
[2016-12-29T03:35:15.284Z] INFO  [3816]  - [Configuration update Sample Application@2/ConfigDeployStage1/ConfigDeployEnactHook/01_stop_before_promote.sh] : Starting activity...
[2016-12-29T03:35:16.932Z] INFO  [3816]  - [Configuration update Sample Application@2/ConfigDeployStage1/ConfigDeployEnactHook/01_stop_before_promote.sh] : Completed activity. Result:
  Executing: /usr/local/bin/supervisorctl -c /etc/supervisor/supervisord.conf stop application:*
  application:application-web-1: stopped
  Executing: /usr/local/bin/supervisorctl -c /etc/supervisor/supervisord.conf stop all
  listener:supervisor_listener: stopped
  Executing: /sbin/status supervisord
  supervisord start/running, process 1979
  Executing: /sbin/stop supervisord
  supervisord stop/waiting
[2016-12-29T03:35:16.932Z] INFO  [3816]  - [Configuration update Sample Application@2/ConfigDeployStage1/ConfigDeployEnactHook/03_stop_proxy.sh] : Starting activity...
[2016-12-29T03:35:17.284Z] INFO  [3816]  - [Configuration update Sample Application@2/ConfigDeployStage1/ConfigDeployEnactHook/03_stop_proxy.sh] : Completed activity. Result:
  Executing: service nginx stop
  Stopping nginx: [  OK  ]
[2016-12-29T03:35:17.284Z] INFO  [3816]  - [Configuration update Sample Application@2/ConfigDeployStage1/ConfigDeployEnactHook/07_start_application.sh] : Starting activity...
[2016-12-29T03:35:17.508Z] INFO  [3816]  - [Configuration update Sample Application@2/ConfigDeployStage1/ConfigDeployEnactHook/07_start_application.sh] : Completed activity. Result:
  Executing: /sbin/start supervisord
  supervisord start/running, process 3933
[2016-12-29T03:35:17.509Z] INFO  [3816]  - [Configuration update Sample Application@2/ConfigDeployStage1/ConfigDeployEnactHook/09_start_proxy.sh] : Starting activity...
[2016-12-29T03:35:18.122Z] INFO  [3816]  - [Configuration update Sample Application@2/ConfigDeployStage1/ConfigDeployEnactHook/09_start_proxy.sh] : Completed activity. Result:
  Executing: service nginx stop
  
  Executing: service nginx start
  Starting nginx: [  OK  ]
[2016-12-29T03:35:18.122Z] INFO  [3816]  - [Configuration update Sample Application@2/ConfigDeployStage1/ConfigDeployEnactHook/11_stop_after_promote.sh] : Starting activity...
[2016-12-29T03:35:18.320Z] INFO  [3816]  - [Configuration update Sample Application@2/ConfigDeployStage1/ConfigDeployEnactHook/11_stop_after_promote.sh] : Completed activity.
[2016-12-29T03:35:18.320Z] INFO  [3816]  - [Configuration update Sample Application@2/ConfigDeployStage1/ConfigDeployEnactHook] : Completed activity. Result:
  Successfully execute hooks in directory /opt/elasticbeanstalk/hooks/configdeploy/enact.
[2016-12-29T03:35:18.321Z] INFO  [3816]  - [Configuration update Sample Application@2/ConfigDeployStage1/ConfigDeployPostHook] : Starting activity...
[2016-12-29T03:35:18.321Z] INFO  [3816]  - [Configuration update Sample Application@2/ConfigDeployStage1/ConfigDeployPostHook] : Completed activity. Result:
  Successfully execute hooks in directory /opt/elasticbeanstalk/hooks/configdeploy/post.
[2016-12-29T03:35:18.321Z] INFO  [3816]  - [Configuration update Sample Application@2/ConfigDeployStage1] : Completed activity. Result:
  Application restart - Command CMD-ConfigDeploy stage 1 completed
[2016-12-29T03:35:18.321Z] INFO  [3816]  - [Configuration update Sample Application@2/AddonsAfter] : Starting activity...
[2016-12-29T03:35:18.321Z] INFO  [3816]  - [Configuration update Sample Application@2/AddonsAfter/ConfigLogRotation] : Starting activity...
[2016-12-29T03:35:18.322Z] INFO  [3816]  - [Configuration update Sample Application@2/AddonsAfter/ConfigLogRotation/10-config.sh] : Starting activity...
[2016-12-29T03:35:18.480Z] INFO  [3816]  - [Configuration update Sample Application@2/AddonsAfter/ConfigLogRotation/10-config.sh] : Completed activity. Result:
  Disabled forced hourly log rotation.
[2016-12-29T03:35:18.481Z] INFO  [3816]  - [Configuration update Sample Application@2/AddonsAfter/ConfigLogRotation] : Completed activity. Result:
  Successfully execute hooks in directory /opt/elasticbeanstalk/addons/logpublish/hooks/config.
[2016-12-29T03:35:18.481Z] INFO  [3816]  - [Configuration update Sample Application@2/AddonsAfter/ConfigCWLAgent] : Starting activity...
[2016-12-29T03:35:18.481Z] INFO  [3816]  - [Configuration update Sample Application@2/AddonsAfter/ConfigCWLAgent/10-config.sh] : Starting activity...
[2016-12-29T03:35:18.740Z] INFO  [3816]  - [Configuration update Sample Application@2/AddonsAfter/ConfigCWLAgent/10-config.sh] : Completed activity. Result:
  Log streaming option setting is not specified, ignore cloudwatch logs setup.
  
  Disabled log streaming.
[2016-12-29T03:35:18.740Z] INFO  [3816]  - [Configuration update Sample Application@2/AddonsAfter/ConfigCWLAgent] : Completed activity. Result:
  Successfully execute hooks in directory /opt/elasticbeanstalk/addons/logstreaming/hooks/config.
[2016-12-29T03:35:18.741Z] INFO  [3816]  - [Configuration update Sample Application@2/AddonsAfter] : Completed activity.
[2016-12-29T03:35:18.741Z] INFO  [3816]  - [Configuration update Sample Application@2] : Completed activity. Result:
  Configuration update - Command CMD-ConfigDeploy succeeded
[2016-12-29T04:13:07.153Z] INFO  [26001] - [CMD-BundleLogs] : Starting activity...
[2016-12-29T04:13:07.154Z] INFO  [26001] - [CMD-BundleLogs/AddonsBefore] : Starting activity...
[2016-12-29T04:13:07.154Z] INFO  [26001] - [CMD-BundleLogs/AddonsBefore] : Completed activity.
[2016-12-29T04:13:07.154Z] INFO  [26001] - [CMD-BundleLogs/BundleLogs] : Starting activity...
[2016-12-29T04:13:07.154Z] INFO  [26001] - [CMD-BundleLogs/BundleLogs/BundleLogs] : Starting activity...
