[2016-12-29T02:39:35Z] Started EB User Data
+ SLEEP_TIME=10
+ SLEEP_TIME_MAX=3600
+ true
+ curl https://s3-us-west-2.amazonaws.com/elasticbeanstalk-env-resources-us-west-2/stalks/eb_golang_1.0.37.3/lib/UserDataScript.sh
  % Total    % Received % Xferd  Average Speed   Time    Time     Time  Current
                                 Dload  Upload   Total   Spent    Left  Speed
  0     0    0     0    0     0      0      0 --:--:-- --:--:-- --:--:--     0100 12245  100 12245    0     0  36100      0 --:--:-- --:--:-- --:--:-- 36120
+ RESULT=0
+ [[ 0 -ne 0 ]]
+ /bin/bash /tmp/ebbootstrap.sh https://s3-us-west-2.amazonaws.com/elasticbeanstalk-env-resources-us-west-2/stalks/eb_golang_1.0.37.3/lib/aws-elasticbeanstalk-tools-1.19-1.noarch.rpm 'https://s3-us-west-2.amazonaws.com/elasticbeanstalk-env-resources-us-west-2/stalks/eb_golang_1.0.37.3/lib/awseb-ruby-2.2.4-x86_64-20160503_1008.tar.gz https://s3-us-west-2.amazonaws.com/elasticbeanstalk-env-resources-us-west-2/stalks/eb_golang_1.0.37.3/lib/basehooks.tar.gz' 'https://s3-us-west-2.amazonaws.com/elasticbeanstalk-env-resources-us-west-2/stalks/eb_golang_1.0.37.3/lib/beanstalk-core-2.6.gem https://s3-us-west-2.amazonaws.com/elasticbeanstalk-env-resources-us-west-2/stalks/eb_golang_1.0.37.3/lib/beanstalk-core-healthd-1.1.gem https://s3-us-west-2.amazonaws.com/elasticbeanstalk-env-resources-us-west-2/stalks/eb_golang_1.0.37.3/lib/executor-1.1.gem' 'https://cloudformation-waitcondition-us-west-2.s3-us-west-2.amazonaws.com/arn%3Aaws%3Acloudformation%3Aus-west-2%3A230974412218%3Astack/awseb-e-w6dxgi7ekq-stack/c155abe0-cd6f-11e6-94f7-503f20f2ade6/AWSEBInstanceLaunchWaitHandle?AWSAccessKeyId=AKIAIY5RM4DUXMU25KNA&Expires=1483065459&Signature=g%2F6M4%2FE8ZE8yaKMuGBQi62tWLA0%3D' arn:aws:cloudformation:us-west-2:230974412218:stack/awseb-e-w6dxgi7ekq-stack/c155abe0-cd6f-11e6-94f7-503f20f2ade6 us-west-2 054252057bce 46fd0b89-2e0e-458f-b8a6-25051f650e91 '' nginx ''
[2016-12-29T02:39:36.859Z] Started EB Bootstrapping Script.
[2016-12-29T02:39:36.869Z] Received parameters:
 RPMS = https://s3-us-west-2.amazonaws.com/elasticbeanstalk-env-resources-us-west-2/stalks/eb_golang_1.0.37.3/lib/aws-elasticbeanstalk-tools-1.19-1.noarch.rpm
 TARBALLS = https://s3-us-west-2.amazonaws.com/elasticbeanstalk-env-resources-us-west-2/stalks/eb_golang_1.0.37.3/lib/awseb-ruby-2.2.4-x86_64-20160503_1008.tar.gz https://s3-us-west-2.amazonaws.com/elasticbeanstalk-env-resources-us-west-2/stalks/eb_golang_1.0.37.3/lib/basehooks.tar.gz
 EB_GEMS = https://s3-us-west-2.amazonaws.com/elasticbeanstalk-env-resources-us-west-2/stalks/eb_golang_1.0.37.3/lib/beanstalk-core-2.6.gem https://s3-us-west-2.amazonaws.com/elasticbeanstalk-env-resources-us-west-2/stalks/eb_golang_1.0.37.3/lib/beanstalk-core-healthd-1.1.gem https://s3-us-west-2.amazonaws.com/elasticbeanstalk-env-resources-us-west-2/stalks/eb_golang_1.0.37.3/lib/executor-1.1.gem
 SIGNAL_URL = https://cloudformation-waitcondition-us-west-2.s3-us-west-2.amazonaws.com/arn%3Aaws%3Acloudformation%3Aus-west-2%3A230974412218%3Astack/awseb-e-w6dxgi7ekq-stack/c155abe0-cd6f-11e6-94f7-503f20f2ade6/AWSEBInstanceLaunchWaitHandle?AWSAccessKeyId=AKIAIY5RM4DUXMU25KNA&Expires=1483065459&Signature=g%2F6M4%2FE8ZE8yaKMuGBQi62tWLA0%3D
 STACK_ID = arn:aws:cloudformation:us-west-2:230974412218:stack/awseb-e-w6dxgi7ekq-stack/c155abe0-cd6f-11e6-94f7-503f20f2ade6
 REGION = us-west-2
 GUID = 054252057bce
 HEALTHD_GROUP_ID = 46fd0b89-2e0e-458f-b8a6-25051f650e91
 HEALTHD_ENDPOINT = 
 PROXY_SERVER = nginx
 HEALTHD_PROXY_LOG_LOCATION =
[2016-12-29T02:39:36.877Z] Synchronizing network time in background.
[2016-12-29T02:39:36.884Z] yum repo has already been locked to 054252057bce.
[2016-12-29T02:39:36.890Z] yum update has already been done.
[2016-12-29T02:39:37.999Z] Completed creating AWS EB users and groups.
[2016-12-29T02:39:37.006Z] Started executing install_rpms https://s3-us-west-2.amazonaws.com/elasticbeanstalk-env-resources-us-west-2/stalks/eb_golang_1.0.37.3/lib/aws-elasticbeanstalk-tools-1.19-1.noarch.rpm.
[2016-12-29T02:39:37.012Z] Installing RPM: https://s3-us-west-2.amazonaws.com/elasticbeanstalk-env-resources-us-west-2/stalks/eb_golang_1.0.37.3/lib/aws-elasticbeanstalk-tools-1.19-1.noarch.rpm.
[2016-12-29T02:39:37.859Z] aws-elasticbeanstalk-tools-1.19-1.noarch has already been installed. Skip installing.
[2016-12-29T02:39:37.865Z] Command Returned: 
[2016-12-29T02:39:37.870Z] Completed executing install_rpms.
[2016-12-29T02:39:37.876Z] Started executing install_tarballs https://s3-us-west-2.amazonaws.com/elasticbeanstalk-env-resources-us-west-2/stalks/eb_golang_1.0.37.3/lib/awseb-ruby-2.2.4-x86_64-20160503_1008.tar.gz https://s3-us-west-2.amazonaws.com/elasticbeanstalk-env-resources-us-west-2/stalks/eb_golang_1.0.37.3/lib/basehooks.tar.gz.
[2016-12-29T02:39:37.882Z] Installing tarball: https://s3-us-west-2.amazonaws.com/elasticbeanstalk-env-resources-us-west-2/stalks/eb_golang_1.0.37.3/lib/awseb-ruby-2.2.4-x86_64-20160503_1008.tar.gz.
[2016-12-29T02:39:37.888Z] awseb-ruby-2.2.4-x86_64-20160503_1008.tar.gz has already been installed. Skip installing.
[2016-12-29T02:39:37.893Z] Installing tarball: https://s3-us-west-2.amazonaws.com/elasticbeanstalk-env-resources-us-west-2/stalks/eb_golang_1.0.37.3/lib/basehooks.tar.gz.
[2016-12-29T02:39:38.107Z] Command Returned: 

2016-12-29 02:39:37 URL:https://s3-us-west-2.amazonaws.com/elasticbeanstalk-env-resources-us-west-2/stalks/eb_golang_1.0.37.3/lib/basehooks.tar.gz [5760/5760] -> "/tmp/basehooks.tar.gz" [1]
[2016-12-29T02:39:38.113Z] Completed executing install_tarballs.
[2016-12-29T02:39:38.119Z] Started executing install_eb_gems https://s3-us-west-2.amazonaws.com/elasticbeanstalk-env-resources-us-west-2/stalks/eb_golang_1.0.37.3/lib/beanstalk-core-2.6.gem https://s3-us-west-2.amazonaws.com/elasticbeanstalk-env-resources-us-west-2/stalks/eb_golang_1.0.37.3/lib/beanstalk-core-healthd-1.1.gem https://s3-us-west-2.amazonaws.com/elasticbeanstalk-env-resources-us-west-2/stalks/eb_golang_1.0.37.3/lib/executor-1.1.gem.
[2016-12-29T02:39:38.239Z] Installing EB Gem: https://s3-us-west-2.amazonaws.com/elasticbeanstalk-env-resources-us-west-2/stalks/eb_golang_1.0.37.3/lib/beanstalk-core-2.6.gem.
[2016-12-29T02:39:43.178Z] beanstalk-core-2.6 has already been installed. Skip installing.
[2016-12-29T02:39:43.183Z] Installing EB Gem: https://s3-us-west-2.amazonaws.com/elasticbeanstalk-env-resources-us-west-2/stalks/eb_golang_1.0.37.3/lib/beanstalk-core-healthd-1.1.gem.
[2016-12-29T02:39:43.505Z] beanstalk-core-healthd-1.1 has already been installed. Skip installing.
[2016-12-29T02:39:43.510Z] Installing EB Gem: https://s3-us-west-2.amazonaws.com/elasticbeanstalk-env-resources-us-west-2/stalks/eb_golang_1.0.37.3/lib/executor-1.1.gem.
[2016-12-29T02:39:43.828Z] executor-1.1 has already been installed. Skip installing.
[2016-12-29T02:39:43.836Z] Command Returned: 
[2016-12-29T02:39:43.842Z] Completed executing install_eb_gems.
[2016-12-29T02:39:43.848Z] Starting healthd
initctl: Unknown instance: 
healthd start/running, process 1601
[2016-12-29T02:39:45.400Z] First init of instance.
[2016-12-29T02:39:45.406Z] Started executing cfn_init _OnInstanceBoot first_init.
[2016-12-29T02:39:45.412Z] Running cfn-init ConfigSet: _OnInstanceBoot.
29 Dec 02:39:46 ntpdate[1516]: adjust time server 171.66.97.126 offset 0.001082 sec
[2016-12-29T02:39:47.405Z] Command Returned: 
[2016-12-29T02:39:47.411Z] Completed executing cfn_init.
[2016-12-29T02:39:47.579Z] Check whether controlled by launch workflow...
[2016-12-29T02:39:48.376Z] Worflow running.
[2016-12-29T02:39:48.382Z] Workflow controlled instance. Running container provisioning...
[2016-12-29T02:39:48.388Z] Started executing start_cfn_hup.
[2016-12-29T02:39:48.394Z] Starting cfn-hup.
[2016-12-29T02:39:48.408Z] Command Returned: cfn-hup start/running, process 1680
[2016-12-29T02:39:48.423Z] Completed executing start_cfn_hup.
[2016-12-29T02:39:48.438Z] Started executing run_eb_command { "api_version" : "1.0", "request_id": "0", "command_name": "CMD-PreInit" } .
[2016-12-29T02:39:48.450Z] Running EB Command: { "api_version" : "1.0", "request_id": "0", "command_name": "CMD-PreInit" } .
[2016-12-29T02:40:07.770Z] Command Returned: {"status":"SUCCESS","api_version":"1.0","results":[{"status":"SUCCESS","msg":"","returncode":0,"events":[]}]}
[2016-12-29T02:40:07.776Z] Completed executing run_eb_command.
[2016-12-29T02:40:07.782Z] Successfully bootstrapped instance.
[2016-12-29T02:40:07.966Z] Sending signal 0 to CFN wait condition https://cloudformation-waitcondition-us-west-2.s3-us-west-2.amazonaws.com/arn%3Aaws%3Acloudformation%3Aus-west-2%3A230974412218%3Astack/awseb-e-w6dxgi7ekq-stack/c155abe0-cd6f-11e6-94f7-503f20f2ade6/AWSEBInstanceLaunchWaitHandle?AWSAccessKeyId=AKIAIY5RM4DUXMU25KNA&Expires=1483065459&Signature=g%2F6M4%2FE8ZE8yaKMuGBQi62tWLA0%3D
CloudFormation signaled successfully with SUCCESS.
[2016-12-29T02:40:08.377Z] Tailing /var/log/eb-commandprocessor.log

******************* eb-commandprocessor taillog *******************
[2016-12-29T02:39:49.068Z] DEBUG [1690]  : Reading config file: /etc/elasticbeanstalk/.aws-eb-stack.properties
[2016-12-29T02:39:49.073Z] DEBUG [1690]  : Checking if the command processor should execute...
[2016-12-29T02:39:49.076Z] DEBUG [1690]  : Checking whether the command is applicable to instance (i-0c07a7328f96d6d79)..
[2016-12-29T02:39:49.076Z] INFO  [1690]  : Command is applicable to this instance (i-0c07a7328f96d6d79)..
[2016-12-29T02:39:49.076Z] DEBUG [1690]  : Checking if the received command stage is valid..
[2016-12-29T02:39:49.076Z] INFO  [1690]  : No stage_num in command. Valid stage..
[2016-12-29T02:39:49.076Z] INFO  [1690]  : Received command CMD-PreInit: 
{
  "api_version" : "1.0",
  "request_id": "0",
  "command_name": "CMD-PreInit"
}

[2016-12-29T02:39:49.076Z] INFO  [1690]  : Command processor should execute command.
[2016-12-29T02:39:49.076Z] DEBUG [1690]  : Storing current stage..
[2016-12-29T02:39:49.076Z] DEBUG [1690]  : Stage_num does not exist. Not saving null stage. Returning..
[2016-12-29T02:39:49.076Z] DEBUG [1690]  : Reading config file: /etc/elasticbeanstalk/.aws-eb-stack.properties
[2016-12-29T02:39:49.076Z] DEBUG [1690]  : Retrieving metadata for key: AWS::ElasticBeanstalk::Ext||_ContainerConfigFileContent||commands..
[2016-12-29T02:39:49.077Z] DEBUG [1690]  : Retrieving metadata for key: AWS::ElasticBeanstalk::Ext||_API||_Commands..
[2016-12-29T02:39:49.078Z] INFO  [1690]  : Found enabled addons: ["logpublish", "logstreaming"].
[2016-12-29T02:39:49.085Z] INFO  [1690]  : Updating Command definition of addon logpublish.
[2016-12-29T02:39:49.085Z] INFO  [1690]  : Updating Command definition of addon logstreaming.
[2016-12-29T02:39:49.085Z] DEBUG [1690]  : Refreshing metadata...
[2016-12-29T02:39:49.086Z] DEBUG [1690]  : Using cached environment metadata.
[2016-12-29T02:39:49.086Z] DEBUG [1690]  : Retrieving metadata for key: AWS::ElasticBeanstalk::Ext||_ContainerConfigFileContent||commands..
[2016-12-29T02:39:49.087Z] DEBUG [1690]  : Retrieving metadata for key: AWS::ElasticBeanstalk::Ext||_API||_Commands..
[2016-12-29T02:39:49.088Z] INFO  [1690]  : Found enabled addons: ["logpublish", "logstreaming"].
[2016-12-29T02:39:49.093Z] INFO  [1690]  : Updating Command definition of addon logpublish.
[2016-12-29T02:39:49.094Z] INFO  [1690]  : Updating Command definition of addon logstreaming.
[2016-12-29T02:39:49.094Z] DEBUG [1690]  : Retrieving metadata for key: AWS::CloudFormation::Init||Infra-WriteApplication2||files..
[2016-12-29T02:39:49.096Z] DEBUG [1690]  : Retrieving metadata for key: AWS::ElasticBeanstalk::Ext||ManifestFileS3Key..
[2016-12-29T02:39:49.891Z] INFO  [1690]  : Finding latest manifest from bucket 'elasticbeanstalk-us-west-2-230974412218' with prefix 'resources/environments/e-w6dxgi7ekq/_runtime/versions/manifest_'.
[2016-12-29T02:39:50.791Z] INFO  [1690]  : Found manifest with key 'resources/environments/e-w6dxgi7ekq/_runtime/versions/manifest_1482979053700'.
[2016-12-29T02:39:50.803Z] INFO  [1690]  : Updated manifest cache: deployment ID 1 and serial 1.
[2016-12-29T02:39:50.803Z] DEBUG [1690]  : Loaded definition of Command CMD-PreInit.
[2016-12-29T02:39:50.804Z] INFO  [1690]  : Executing Initialization
[2016-12-29T02:39:50.805Z] INFO  [1690]  : Executing command: CMD-PreInit...
[2016-12-29T02:39:50.805Z] INFO  [1690]  : Executing command CMD-PreInit activities...
[2016-12-29T02:39:50.805Z] DEBUG [1690]  : Setting environment variables..
[2016-12-29T02:39:50.805Z] INFO  [1690]  : Running AddonsBefore for command CMD-PreInit...
[2016-12-29T02:39:50.805Z] DEBUG [1690]  : Running stages of Command CMD-PreInit from stage 0 to stage 0...
[2016-12-29T02:39:50.805Z] INFO  [1690]  : Running stage 0 of command CMD-PreInit...
[2016-12-29T02:39:50.805Z] DEBUG [1690]  : Loaded 3 actions for stage 0.
[2016-12-29T02:39:50.805Z] INFO  [1690]  : Running 1 of 3 actions: InfraWriteConfig...
[2016-12-29T02:39:50.809Z] INFO  [1690]  : Running 2 of 3 actions: DownloadSourceBundle...
[2016-12-29T02:39:51.382Z] INFO  [1690]  : Running 3 of 3 actions: PreInitHook...
[2016-12-29T02:39:51.923Z] INFO  [1690]  : Running AddonsAfter for command CMD-PreInit...
[2016-12-29T02:40:07.736Z] INFO  [1690]  : Command CMD-PreInit succeeded!
[2016-12-29T02:40:07.737Z] INFO  [1690]  : Command processor returning results: 
{"status":"SUCCESS","api_version":"1.0","results":[{"status":"SUCCESS","msg":"","returncode":0,"events":[]}]}
******************* End of taillog *******************


[2016-12-29T02:40:08.389Z] Tailing /var/log/eb-activity.log

******************* eb-activity taillog *******************
  
  Dependencies Resolved
  
  ================================================================================
   Package                          Arch     Version            Repository   Size
  ================================================================================
  Installing:
   awslogs                          noarch   1.1.2-1.10.amzn1   amzn-main   8.8 k
  Installing for dependencies:
   aws-cli-plugin-cloudwatch-logs   noarch   1.3.3-1.15.amzn1   amzn-main    69 k
  
  Transaction Summary
  ================================================================================
  Install  1 Package (+1 Dependent package)
  
  Total download size: 78 k
  Installed size: 240 k
  Downloading packages:
  --------------------------------------------------------------------------------
  Total                                              2.8 MB/s |  78 kB  00:00     
  Running transaction check
  Running transaction test
  Transaction test succeeded
  Running transaction
    Installing : aws-cli-plugin-cloudwatch-logs-1.3.3-1.15.amzn1.noarch       1/2 
    Installing : awslogs-1.1.2-1.10.amzn1.noarch                              2/2 
    Verifying  : awslogs-1.1.2-1.10.amzn1.noarch                              1/2 
    Verifying  : aws-cli-plugin-cloudwatch-logs-1.3.3-1.15.amzn1.noarch       2/2 
  
  Installed:
    awslogs.noarch 0:1.1.2-1.10.amzn1                                             
  
  Dependency Installed:
    aws-cli-plugin-cloudwatch-logs.noarch 0:1.3.3-1.15.amzn1                      
  
  Complete!
  + cat
  + /opt/elasticbeanstalk/bin/log-conf -n awslogs -l/var/log/awslogs.log
  ++ sed 's/.$//'
  ++ curl 169.254.169.254/latest/meta-data/placement/availability-zone
    % Total    % Received % Xferd  Average Speed   Time    Time     Time  Current
                                   Dload  Upload   Total   Spent    Left  Speed
    0     0    0     0    0     0      0      0 --:--:-- --:--:-- --:--:--     0100    10  100    10    0     0   2116      0 --:--:-- --:--:-- --:--:--  2500
  + region=us-west-2
  + sed -i -e 's/region = us-east-1/region = us-west-2/g' /etc/awslogs/awscli.conf
[2016-12-29T02:40:07.736Z] INFO  [1690]  - [Initialization/AddonsAfter/InstallCWLAgent] : Completed activity. Result:
  Successfully execute hooks in directory /opt/elasticbeanstalk/addons/logstreaming/hooks/install.
[2016-12-29T02:40:07.736Z] INFO  [1690]  - [Initialization/AddonsAfter] : Completed activity.
[2016-12-29T02:40:07.736Z] INFO  [1690]  - [Initialization] : Completed activity. Result:
  Initialization - Command CMD-PreInit succeeded
******************* End of taillog *******************


[2016-12-29T02:40:08.557Z] Tailing /var/log/eb-tools.log

******************* eb-tools taillog *******************
***eb-tools is not available yet.***
******************* End of taillog *******************


[2016-12-29T02:40:08.563Z] Tailing /var/log/eb-version-deployment.log

******************* eb-version-deployment taillog *******************
***eb-version-deployment is not available yet.***
******************* End of taillog *******************


[2016-12-29T02:40:08.569Z] Tailing /var/log/cfn-init.log

******************* cfn-init taillog *******************
2016-12-29 02:39:46,591 [INFO] -----------------------Starting build-----------------------
2016-12-29 02:39:46,686 [INFO] Running configSets: _OnInstanceBoot
2016-12-29 02:39:46,687 [INFO] Running configSet _OnInstanceBoot
2016-12-29 02:39:46,691 [INFO] Running config AWSEBBaseConfig
2016-12-29 02:39:46,711 [INFO] Command clearbackupfiles succeeded
2016-12-29 02:39:46,722 [INFO] Running config AWSEBMessageOfTheDay
2016-12-29 02:39:46,741 [INFO] Command 01clearoriginal succeeded
2016-12-29 02:39:46,758 [INFO] Command 02createbanner succeeded
2016-12-29 02:39:46,858 [INFO] Command 03updatebanner succeeded
2016-12-29 02:39:46,978 [INFO] Running config AWSEBULimitConfig
2016-12-29 02:39:46,995 [INFO] Command 00removebackup succeeded
2016-12-29 02:39:47,012 [INFO] Running config Infra-InstallContainerHooksPkg
2016-12-29 02:39:47,040 [INFO] Command 00mkdir succeeded
2016-12-29 02:39:47,267 [INFO] Command 01download_container_hooks succeeded
2016-12-29 02:39:47,292 [INFO] Command 02install_container_hooks succeeded
2016-12-29 02:39:47,306 [INFO] Command 03cleanup succeeded
2016-12-29 02:39:47,317 [INFO] Running config Infra-WriteLeaderTestScript
2016-12-29 02:39:47,325 [INFO] Running config Infra-WriteTailLogsConf
2016-12-29 02:39:47,334 [INFO] Running config Infra-WriteSystemTailLogsConf
2016-12-29 02:39:47,344 [INFO] Running config Infra-WriteBundleLogsConf
2016-12-29 02:39:47,353 [INFO] Running config Infra-WritePublishLogsConf
2016-12-29 02:39:47,367 [INFO] Running config Infra-WritePublishLogsCron
2016-12-29 02:39:47,371 [INFO] ConfigSets completed
2016-12-29 02:39:47,376 [INFO] -----------------------Build complete-----------------------
******************* End of taillog *******************


[2016-12-29T02:40:08.577Z] Tailing /var/log/cfn-hup.log

******************* cfn-hup taillog *******************
2016-12-29 02:39:49,134 [DEBUG] CloudFormation client initialized with endpoint https://cloudformation.us-west-2.amazonaws.com
2016-12-29 02:39:49,136 [DEBUG] SQS client initialized with endpoint https://us-west-2.queue.amazonaws.com
2016-12-29 02:39:49,136 [DEBUG] CloudFormation client initialized with endpoint https://cloudformation.us-west-2.amazonaws.com
2016-12-29 02:39:49,136 [DEBUG] Enabled single threading mode.
2016-12-29 02:39:49,136 [DEBUG] Creating /var/lib/cfn-hup/data
2016-12-29 02:39:49,143 [DEBUG] Registering listener i-0c07a7328f96d6d79 for stack arn:aws:cloudformation:us-west-2:230974412218:stack/awseb-e-w6dxgi7ekq-stack/c155abe0-cd6f-11e6-94f7-503f20f2ade6
2016-12-29 02:39:49,758 [INFO] Refreshing listener credentials
2016-12-29 02:39:49,758 [DEBUG] Get listener credentials for listener i-0c07a7328f96d6d79 in stack arn:aws:cloudformation:us-west-2:230974412218:stack/awseb-e-w6dxgi7ekq-stack/c155abe0-cd6f-11e6-94f7-503f20f2ade6
2016-12-29 02:39:49,925 [INFO] Scheduling next credential refresh in 7200 seconds
2016-12-29 02:39:49,926 [DEBUG] Receiving messages for queue https://us-west-2.queue.amazonaws.com/520209054035/12872c18e88af9a2ec8fb5d7a6abe00611f7154eea04ab0881a5ee239a93caf5
******************* End of taillog *******************


[2016-12-29T02:40:08.586Z] Completed EB Bootstrapping Script.
+ exit 0
