2016-12-29 02:45:01,688 [INFO] (2230 MainThread) [clearStaleLogPublishingRecords.py-38] [root clearStaleLogPublishingRecords main] Clearing stale log publish records publish log task with batch id cb93f4b2-cd70-11e6-841f-0672ab36d21b
2016-12-29 02:45:01,689 [INFO] (2230 MainThread) [file_tools.py-34] [root file_tools __init__] Created directory /tmp/.log-publish-records for recording published log file entries
2016-12-29 02:45:01,689 [INFO] (2230 MainThread) [clearStaleLogPublishingRecords.py-48] [root clearStaleLogPublishingRecords main] Successfully cleared stale log publishing records
2016-12-29 02:50:02,431 [INFO] (2375 MainThread) [publishLogs.py-61] [root publishLogs main] Starting publish log task with batch id 7ed59ddc-cd71-11e6-9d9e-0672ab36d21b
2016-12-29 02:50:02,435 [INFO] (2375 MainThread) [publishLogs.py-86] [root publishLogs main] Log publication is disabled
2016-12-29 03:05:01,741 [INFO] (2863 MainThread) [clearStaleLogPublishingRecords.py-38] [root clearStaleLogPublishingRecords main] Clearing stale log publish records publish log task with batch id 96dd7eac-cd73-11e6-886a-0672ab36d21b
2016-12-29 03:05:01,742 [INFO] (2863 MainThread) [clearStaleLogPublishingRecords.py-48] [root clearStaleLogPublishingRecords main] Successfully cleared stale log publishing records
2016-12-29 03:10:02,258 [INFO] (3043 MainThread) [publishLogs.py-61] [root publishLogs main] Starting publish log task with batch id 49fcb002-cd74-11e6-82e0-0672ab36d21b
2016-12-29 03:10:02,263 [INFO] (3043 MainThread) [publishLogs.py-86] [root publishLogs main] Log publication is disabled
2016-12-29 03:25:01,364 [INFO] (3472 MainThread) [clearStaleLogPublishingRecords.py-38] [root clearStaleLogPublishingRecords main] Clearing stale log publish records publish log task with batch id 61e56586-cd76-11e6-ae4c-0672ab36d21b
2016-12-29 03:25:01,364 [INFO] (3472 MainThread) [clearStaleLogPublishingRecords.py-48] [root clearStaleLogPublishingRecords main] Successfully cleared stale log publishing records
2016-12-29 03:30:02,036 [INFO] (3622 MainThread) [publishLogs.py-61] [root publishLogs main] Starting publish log task with batch id 151c5114-cd77-11e6-b8a4-0672ab36d21b
2016-12-29 03:30:02,066 [INFO] (3622 MainThread) [publishLogs.py-86] [root publishLogs main] Log publication is disabled
2016-12-29 03:45:02,245 [INFO] (4298 MainThread) [clearStaleLogPublishingRecords.py-38] [root clearStaleLogPublishingRecords main] Clearing stale log publish records publish log task with batch id 2dad672a-cd79-11e6-aa15-0672ab36d21b
2016-12-29 03:45:02,246 [INFO] (4298 MainThread) [clearStaleLogPublishingRecords.py-48] [root clearStaleLogPublishingRecords main] Successfully cleared stale log publishing records
2016-12-29 03:50:01,783 [INFO] (25227 MainThread) [publishLogs.py-61] [root publishLogs main] Starting publish log task with batch id e0370c48-cd79-11e6-9ab0-0672ab36d21b
2016-12-29 03:50:01,789 [INFO] (25227 MainThread) [publishLogs.py-86] [root publishLogs main] Log publication is disabled
2016-12-29 04:05:02,111 [INFO] (25747 MainThread) [clearStaleLogPublishingRecords.py-38] [root clearStaleLogPublishingRecords main] Clearing stale log publish records publish log task with batch id f8da71f2-cd7b-11e6-a4cc-0672ab36d21b
2016-12-29 04:05:02,112 [INFO] (25747 MainThread) [clearStaleLogPublishingRecords.py-48] [root clearStaleLogPublishingRecords main] Successfully cleared stale log publishing records
2016-12-29 04:10:01,655 [INFO] (25894 MainThread) [publishLogs.py-61] [root publishLogs main] Starting publish log task with batch id ab650ecc-cd7c-11e6-806b-0672ab36d21b
2016-12-29 04:10:01,662 [INFO] (25894 MainThread) [publishLogs.py-86] [root publishLogs main] Log publication is disabled
